2025-09-09 19:50:39 | INFO | Logging to file: logs/project_log.log
2025-09-09 19:50:39 | INFO | Log sanitization enabled, personal info removed
2025-09-09 19:50:39 | INFO | Project root: PROJECT_ROOT
2025-09-09 19:50:39 | INFO | Data folder: PROJECT_ROOT/data
2025-09-09 19:50:39 | INFO | Data file: PROJECT_ROOT/data/buzz.json
2025-09-09 19:50:39 | INFO | START producer.
2025-09-09 19:50:39 | INFO | Kafka broker address: localhost:9092
2025-09-09 19:50:39 | INFO | Kafka is ready. Brokers: {'throttle_time_ms': 0, 'brokers': [{'node_id': 1, 'host': 'localhost', 'port': 9092, 'rack': None}], 'cluster_id': '_qad_MQZRtmfrbOLzRMSMg', 'controller_id': 1}
2025-09-09 19:50:39 | INFO | Kafka topic: buzzline_json
2025-09-09 19:50:39 | INFO | Message interval: 1 seconds
2025-09-09 19:50:39 | INFO | Kafka broker address: localhost:9092
2025-09-09 19:50:39 | INFO | Connecting to Kafka broker at localhost:9092...
2025-09-09 19:50:39 | INFO | Kafka producer successfully created.
2025-09-09 19:50:39 | INFO | Kafka broker address: localhost:9092
2025-09-09 19:50:40 | INFO | Topic 'buzzline_json' created successfully.
2025-09-09 19:50:40 | INFO | Kafka topic 'buzzline_json' is ready.
2025-09-09 19:50:40 | INFO | Starting message production to topic 'buzzline_json'...
2025-09-09 19:50:40 | INFO | Opening data file in read mode: PROJECT_ROOT/data/buzz.json
2025-09-09 19:50:40 | INFO | Reading data from file: PROJECT_ROOT/data/buzz.json
2025-09-09 19:50:40 | INFO | Sent message to topic 'buzzline_json': {'message': 'Data engineering is my passion.', 'author': 'Eve'}
2025-09-09 19:50:41 | INFO | Sent message to topic 'buzzline_json': {'message': 'Distributed systems are fascinating.', 'author': 'Alice'}
2025-09-09 19:50:42 | INFO | Sent message to topic 'buzzline_json': {'message': 'Have a great day!', 'author': 'Charlie'}
2025-09-09 19:50:43 | INFO | Sent message to topic 'buzzline_json': {'message': 'Data engineering is my passion.', 'author': 'Alice'}
2025-09-09 19:50:44 | INFO | Sent message to topic 'buzzline_json': {'message': 'Distributed systems are fascinating.', 'author': 'Diana'}
2025-09-09 19:50:45 | INFO | Sent message to topic 'buzzline_json': {'message': 'Buzz messages for everyone.', 'author': 'Alice'}
2025-09-09 19:50:46 | INFO | Sent message to topic 'buzzline_json': {'message': 'Hello, Kafka world!', 'author': 'Diana'}
2025-09-09 19:50:47 | INFO | Sent message to topic 'buzzline_json': {'message': 'This is a buzz message.', 'author': 'Eve'}
2025-09-09 19:50:48 | INFO | Sent message to topic 'buzzline_json': {'message': 'JSON makes life easier.', 'author': 'Eve'}
2025-09-09 19:50:49 | INFO | Sent message to topic 'buzzline_json': {'message': 'JSON makes life easier.', 'author': 'Alice'}
2025-09-09 19:50:50 | INFO | Sent message to topic 'buzzline_json': {'message': 'Data engineering is my passion.', 'author': 'Diana'}
2025-09-09 19:50:51 | INFO | Sent message to topic 'buzzline_json': {'message': 'JSON makes life easier.', 'author': 'Diana'}
2025-09-09 19:50:52 | INFO | Sent message to topic 'buzzline_json': {'message': 'Kafka is awesome.', 'author': 'Charlie'}
2025-09-09 19:50:53 | INFO | Sent message to topic 'buzzline_json': {'message': 'JSON makes life easier.', 'author': 'Bob'}
2025-09-09 19:50:54 | INFO | Sent message to topic 'buzzline_json': {'message': 'I love Python!', 'author': 'Bob'}
2025-09-09 19:50:55 | INFO | Sent message to topic 'buzzline_json': {'message': 'This is a buzz message.', 'author': 'Eve'}
2025-09-09 19:50:56 | INFO | Sent message to topic 'buzzline_json': {'message': 'I love Python!', 'author': 'Eve'}
2025-09-09 19:50:57 | INFO | Sent message to topic 'buzzline_json': {'message': 'Buzz messages for everyone.', 'author': 'Alice'}
2025-09-09 19:50:58 | INFO | Sent message to topic 'buzzline_json': {'message': 'This is a buzz message.', 'author': 'Alice'}
2025-09-09 19:50:59 | INFO | Sent message to topic 'buzzline_json': {'message': 'Data engineering is my passion.', 'author': 'Diana'}
2025-09-09 19:51:00 | INFO | Sent message to topic 'buzzline_json': {'message': 'I love Python!', 'author': 'Eve'}
2025-09-09 19:51:01 | INFO | Sent message to topic 'buzzline_json': {'message': 'JSON makes life easier.', 'author': 'Charlie'}
2025-09-09 19:51:02 | INFO | Sent message to topic 'buzzline_json': {'message': 'Have a great day!', 'author': 'Bob'}
2025-09-09 19:51:03 | INFO | Sent message to topic 'buzzline_json': {'message': 'Data engineering is my passion.', 'author': 'Alice'}
2025-09-09 19:51:04 | INFO | Sent message to topic 'buzzline_json': {'message': 'Kafka is awesome.', 'author': 'Diana'}
2025-09-09 19:51:05 | INFO | Sent message to topic 'buzzline_json': {'message': 'Kafka is awesome.', 'author': 'Diana'}
2025-09-09 19:51:06 | INFO | Sent message to topic 'buzzline_json': {'message': 'Hello, Kafka world!', 'author': 'Bob'}
2025-09-09 19:51:07 | INFO | Sent message to topic 'buzzline_json': {'message': 'Distributed systems are fascinating.', 'author': 'Diana'}
2025-09-09 19:51:08 | INFO | Sent message to topic 'buzzline_json': {'message': 'I love Python!', 'author': 'Diana'}
2025-09-09 19:51:09 | INFO | Sent message to topic 'buzzline_json': {'message': 'Have a great day!', 'author': 'Alice'}
2025-09-09 19:51:10 | INFO | Sent message to topic 'buzzline_json': {'message': 'Hello, Kafka world!', 'author': 'Charlie'}
2025-09-09 19:51:11 | INFO | Sent message to topic 'buzzline_json': {'message': 'JSON makes life easier.', 'author': 'Diana'}
2025-09-09 19:51:12 | INFO | Sent message to topic 'buzzline_json': {'message': 'I love Python!', 'author': 'Bob'}
2025-09-09 19:51:13 | INFO | Sent message to topic 'buzzline_json': {'message': 'Have a great day!', 'author': 'Diana'}
2025-09-09 19:51:14 | INFO | Sent message to topic 'buzzline_json': {'message': 'Hello, Kafka world!', 'author': 'Alice'}
2025-09-09 19:51:15 | INFO | Sent message to topic 'buzzline_json': {'message': 'JSON makes life easier.', 'author': 'Alice'}
2025-09-09 19:51:16 | INFO | Sent message to topic 'buzzline_json': {'message': 'Buzz messages for everyone.', 'author': 'Charlie'}
2025-09-09 19:51:17 | INFO | Sent message to topic 'buzzline_json': {'message': 'Buzz messages for everyone.', 'author': 'Bob'}
2025-09-09 19:51:18 | INFO | Sent message to topic 'buzzline_json': {'message': 'Streaming data is fun.', 'author': 'Diana'}
2025-09-09 19:51:19 | INFO | Sent message to topic 'buzzline_json': {'message': 'Have a great day!', 'author': 'Diana'}
2025-09-09 19:51:20 | INFO | Sent message to topic 'buzzline_json': {'message': 'I love Python!', 'author': 'Alice'}
2025-09-09 19:51:21 | INFO | Sent message to topic 'buzzline_json': {'message': 'Streaming data is fun.', 'author': 'Charlie'}
2025-09-09 19:51:22 | INFO | Sent message to topic 'buzzline_json': {'message': 'Kafka is awesome.', 'author': 'Alice'}
2025-09-09 19:51:23 | INFO | Sent message to topic 'buzzline_json': {'message': 'Kafka is awesome.', 'author': 'Diana'}
2025-09-09 19:51:24 | INFO | Sent message to topic 'buzzline_json': {'message': 'Kafka is awesome.', 'author': 'Alice'}
2025-09-09 19:51:25 | INFO | Sent message to topic 'buzzline_json': {'message': 'JSON makes life easier.', 'author': 'Bob'}
2025-09-09 19:51:26 | INFO | Sent message to topic 'buzzline_json': {'message': 'This is a buzz message.', 'author': 'Bob'}
2025-09-09 19:51:27 | INFO | Sent message to topic 'buzzline_json': {'message': 'Streaming data is fun.', 'author': 'Diana'}
2025-09-09 19:51:28 | INFO | Sent message to topic 'buzzline_json': {'message': 'Have a great day!', 'author': 'Bob'}
2025-09-09 19:51:29 | INFO | Sent message to topic 'buzzline_json': {'message': 'This is a buzz message.', 'author': 'Eve'}
2025-09-09 19:51:30 | INFO | Sent message to topic 'buzzline_json': {'message': 'Hello, Kafka world!', 'author': 'Bob'}
2025-09-09 19:51:31 | INFO | Sent message to topic 'buzzline_json': {'message': 'This is a buzz message.', 'author': 'Alice'}
2025-09-09 19:51:32 | INFO | Sent message to topic 'buzzline_json': {'message': 'Streaming data is fun.', 'author': 'Eve'}
2025-09-09 19:51:33 | INFO | Sent message to topic 'buzzline_json': {'message': 'Kafka is awesome.', 'author': 'Alice'}
2025-09-09 19:51:34 | INFO | Sent message to topic 'buzzline_json': {'message': 'JSON makes life easier.', 'author': 'Bob'}
2025-09-09 19:51:35 | INFO | Sent message to topic 'buzzline_json': {'message': 'This is a buzz message.', 'author': 'Charlie'}
2025-09-09 19:51:36 | INFO | Sent message to topic 'buzzline_json': {'message': 'Have a great day!', 'author': 'Diana'}
2025-09-09 19:51:37 | INFO | Sent message to topic 'buzzline_json': {'message': 'Distributed systems are fascinating.', 'author': 'Bob'}
2025-09-09 19:51:38 | INFO | Sent message to topic 'buzzline_json': {'message': 'Kafka is awesome.', 'author': 'Alice'}
2025-09-09 19:51:39 | INFO | Sent message to topic 'buzzline_json': {'message': 'Streaming data is fun.', 'author': 'Alice'}
2025-09-09 19:51:40 | INFO | Sent message to topic 'buzzline_json': {'message': 'Have a great day!', 'author': 'Diana'}
2025-09-09 19:51:41 | INFO | Sent message to topic 'buzzline_json': {'message': 'Streaming data is fun.', 'author': 'Alice'}
2025-09-09 19:51:42 | INFO | Sent message to topic 'buzzline_json': {'message': 'This is a buzz message.', 'author': 'Diana'}
2025-09-09 19:51:43 | INFO | Sent message to topic 'buzzline_json': {'message': 'Data engineering is my passion.', 'author': 'Bob'}
2025-09-09 19:51:44 | INFO | Sent message to topic 'buzzline_json': {'message': 'Have a great day!', 'author': 'Diana'}
2025-09-09 19:51:45 | INFO | Sent message to topic 'buzzline_json': {'message': 'Kafka is awesome.', 'author': 'Alice'}
2025-09-09 19:51:45 | WARNING | Producer interrupted by user.
2025-09-09 19:51:45 | INFO | Kafka producer closed.
2025-09-09 19:51:45 | INFO | END producer.
2025-09-09 19:57:16 | INFO | Logging to file: logs/project_log.log
2025-09-09 19:57:16 | INFO | Log sanitization enabled, personal info removed
2025-09-09 19:57:16 | INFO | Project root: PROJECT_ROOT
2025-09-09 19:57:16 | INFO | Data folder: PROJECT_ROOT/data
2025-09-09 19:57:16 | INFO | Data file: PROJECT_ROOT/data/buzz.json
2025-09-09 19:57:16 | INFO | START producer.
2025-09-09 19:57:16 | INFO | Kafka broker address: localhost:9092
2025-09-09 19:57:17 | INFO | Kafka is ready. Brokers: {'throttle_time_ms': 0, 'brokers': [{'node_id': 1, 'host': 'localhost', 'port': 9092, 'rack': None}], 'cluster_id': '_qad_MQZRtmfrbOLzRMSMg', 'controller_id': 1}
2025-09-09 19:57:17 | INFO | Kafka topic: buzzline_json
2025-09-09 19:57:17 | INFO | Message interval: 1 seconds
2025-09-09 19:57:17 | INFO | Kafka broker address: localhost:9092
2025-09-09 19:57:17 | INFO | Connecting to Kafka broker at localhost:9092...
2025-09-09 19:57:17 | INFO | Kafka producer successfully created.
2025-09-09 19:57:17 | INFO | Kafka broker address: localhost:9092
2025-09-09 19:57:17 | INFO | Topic 'buzzline_json' already exists. Recreating fresh...
2025-09-09 19:57:17 | INFO | Requested deletion of topic 'buzzline_json'.
2025-09-09 19:57:17 | INFO | Topic 'buzzline_json' created successfully.
2025-09-09 19:57:17 | INFO | Kafka topic 'buzzline_json' is ready.
2025-09-09 19:57:17 | INFO | Starting message production to topic 'buzzline_json'...
2025-09-09 19:57:17 | INFO | Opening data file in read mode: PROJECT_ROOT/data/buzz.json
2025-09-09 19:57:17 | INFO | Reading data from file: PROJECT_ROOT/data/buzz.json
2025-09-09 19:57:17 | INFO | Sent message to topic 'buzzline_json': {'message': 'Data engineering is my passion.', 'author': 'Eve'}
2025-09-09 19:57:18 | INFO | Sent message to topic 'buzzline_json': {'message': 'Distributed systems are fascinating.', 'author': 'Alice'}
2025-09-09 19:57:19 | INFO | Sent message to topic 'buzzline_json': {'message': 'Have a great day!', 'author': 'Charlie'}
2025-09-09 19:57:20 | INFO | Sent message to topic 'buzzline_json': {'message': 'Data engineering is my passion.', 'author': 'Alice'}
2025-09-09 19:57:21 | INFO | Sent message to topic 'buzzline_json': {'message': 'Distributed systems are fascinating.', 'author': 'Diana'}
2025-09-09 19:57:22 | INFO | Sent message to topic 'buzzline_json': {'message': 'Buzz messages for everyone.', 'author': 'Alice'}
2025-09-09 19:57:23 | INFO | Sent message to topic 'buzzline_json': {'message': 'Hello, Kafka world!', 'author': 'Diana'}
2025-09-09 19:57:24 | INFO | Sent message to topic 'buzzline_json': {'message': 'This is a buzz message.', 'author': 'Eve'}
2025-09-09 19:57:25 | INFO | Sent message to topic 'buzzline_json': {'message': 'JSON makes life easier.', 'author': 'Eve'}
2025-09-09 19:57:26 | INFO | Sent message to topic 'buzzline_json': {'message': 'JSON makes life easier.', 'author': 'Alice'}
2025-09-09 19:57:27 | INFO | Sent message to topic 'buzzline_json': {'message': 'Data engineering is my passion.', 'author': 'Diana'}
2025-09-09 19:57:28 | INFO | Logging to file: logs/project_log.log
2025-09-09 19:57:28 | INFO | Log sanitization enabled, personal info removed
2025-09-09 19:57:28 | INFO | START consumer.
2025-09-09 19:57:28 | INFO | Kafka topic: buzzline_json
2025-09-09 19:57:28 | INFO | Kafka consumer group id: buzz_group
2025-09-09 19:57:28 | INFO | Consumer: Topic 'buzzline_json' and group 'buzz_group'...
2025-09-09 19:57:28 | INFO | Kafka broker address: localhost:9092
2025-09-09 19:57:28 | INFO | Creating Kafka consumer. Topic='buzzline_json' and group ID='buzz_group'.
2025-09-09 19:57:28 | INFO | Kafka consumer created successfully.
2025-09-09 19:57:28 | INFO | Polling messages from topic 'buzzline_json'...
2025-09-09 19:57:28 | INFO | Sent message to topic 'buzzline_json': {'message': 'JSON makes life easier.', 'author': 'Diana'}
2025-09-09 19:57:29 | INFO | Sent message to topic 'buzzline_json': {'message': 'Kafka is awesome.', 'author': 'Charlie'}
2025-09-09 19:57:30 | INFO | Sent message to topic 'buzzline_json': {'message': 'JSON makes life easier.', 'author': 'Bob'}
2025-09-09 19:57:31 | INFO | Sent message to topic 'buzzline_json': {'message': 'I love Python!', 'author': 'Bob'}
2025-09-09 19:57:32 | INFO | Processed JSON message: {'message': 'Distributed systems are fascinating.', 'author': 'Alice'}
2025-09-09 19:57:32 | INFO | Message received from author: Alice
2025-09-09 19:57:32 | INFO | Updated author counts: {'Alice': 1}
2025-09-09 19:57:32 | INFO | Processed JSON message: {'message': 'Have a great day!', 'author': 'Charlie'}
2025-09-09 19:57:32 | INFO | Message received from author: Charlie
2025-09-09 19:57:32 | INFO | Updated author counts: {'Alice': 1, 'Charlie': 1}
2025-09-09 19:57:32 | INFO | Processed JSON message: {'message': 'Data engineering is my passion.', 'author': 'Alice'}
2025-09-09 19:57:32 | INFO | Message received from author: Alice
2025-09-09 19:57:32 | INFO | Updated author counts: {'Alice': 2, 'Charlie': 1}
2025-09-09 19:57:32 | INFO | Processed JSON message: {'message': 'Distributed systems are fascinating.', 'author': 'Diana'}
2025-09-09 19:57:32 | INFO | Message received from author: Diana
2025-09-09 19:57:32 | INFO | Updated author counts: {'Alice': 2, 'Charlie': 1, 'Diana': 1}
2025-09-09 19:57:32 | INFO | Processed JSON message: {'message': 'Buzz messages for everyone.', 'author': 'Alice'}
2025-09-09 19:57:32 | INFO | Message received from author: Alice
2025-09-09 19:57:32 | INFO | Updated author counts: {'Alice': 3, 'Charlie': 1, 'Diana': 1}
2025-09-09 19:57:32 | INFO | Processed JSON message: {'message': 'Hello, Kafka world!', 'author': 'Diana'}
2025-09-09 19:57:32 | INFO | Message received from author: Diana
2025-09-09 19:57:32 | INFO | Updated author counts: {'Alice': 3, 'Charlie': 1, 'Diana': 2}
2025-09-09 19:57:32 | INFO | Processed JSON message: {'message': 'This is a buzz message.', 'author': 'Eve'}
2025-09-09 19:57:32 | INFO | Message received from author: Eve
2025-09-09 19:57:32 | INFO | Updated author counts: {'Alice': 3, 'Charlie': 1, 'Diana': 2, 'Eve': 1}
2025-09-09 19:57:32 | INFO | Processed JSON message: {'message': 'JSON makes life easier.', 'author': 'Eve'}
2025-09-09 19:57:32 | INFO | Message received from author: Eve
2025-09-09 19:57:32 | INFO | Updated author counts: {'Alice': 3, 'Charlie': 1, 'Diana': 2, 'Eve': 2}
2025-09-09 19:57:32 | INFO | Processed JSON message: {'message': 'JSON makes life easier.', 'author': 'Alice'}
2025-09-09 19:57:32 | INFO | Message received from author: Alice
2025-09-09 19:57:32 | INFO | Updated author counts: {'Alice': 4, 'Charlie': 1, 'Diana': 2, 'Eve': 2}
2025-09-09 19:57:32 | INFO | Processed JSON message: {'message': 'Data engineering is my passion.', 'author': 'Diana'}
2025-09-09 19:57:32 | INFO | Message received from author: Diana
2025-09-09 19:57:32 | INFO | Updated author counts: {'Alice': 4, 'Charlie': 1, 'Diana': 3, 'Eve': 2}
2025-09-09 19:57:32 | INFO | Processed JSON message: {'message': 'JSON makes life easier.', 'author': 'Diana'}
2025-09-09 19:57:32 | INFO | Message received from author: Diana
2025-09-09 19:57:32 | INFO | Updated author counts: {'Alice': 4, 'Charlie': 1, 'Diana': 4, 'Eve': 2}
2025-09-09 19:57:32 | INFO | Processed JSON message: {'message': 'Kafka is awesome.', 'author': 'Charlie'}
2025-09-09 19:57:32 | INFO | Message received from author: Charlie
2025-09-09 19:57:32 | INFO | Updated author counts: {'Alice': 4, 'Charlie': 2, 'Diana': 4, 'Eve': 2}
2025-09-09 19:57:32 | INFO | Processed JSON message: {'message': 'JSON makes life easier.', 'author': 'Bob'}
2025-09-09 19:57:32 | INFO | Message received from author: Bob
2025-09-09 19:57:32 | INFO | Updated author counts: {'Alice': 4, 'Charlie': 2, 'Diana': 4, 'Eve': 2, 'Bob': 1}
2025-09-09 19:57:32 | INFO | Processed JSON message: {'message': 'I love Python!', 'author': 'Bob'}
2025-09-09 19:57:32 | INFO | Message received from author: Bob
2025-09-09 19:57:32 | INFO | Updated author counts: {'Alice': 4, 'Charlie': 2, 'Diana': 4, 'Eve': 2, 'Bob': 2}
2025-09-09 19:57:32 | INFO | Sent message to topic 'buzzline_json': {'message': 'This is a buzz message.', 'author': 'Eve'}
2025-09-09 19:57:32 | INFO | Processed JSON message: {'message': 'This is a buzz message.', 'author': 'Eve'}
2025-09-09 19:57:32 | INFO | Message received from author: Eve
2025-09-09 19:57:32 | INFO | Updated author counts: {'Alice': 4, 'Charlie': 2, 'Diana': 4, 'Eve': 3, 'Bob': 2}
2025-09-09 19:57:33 | INFO | Sent message to topic 'buzzline_json': {'message': 'I love Python!', 'author': 'Eve'}
2025-09-09 19:57:33 | INFO | Processed JSON message: {'message': 'I love Python!', 'author': 'Eve'}
2025-09-09 19:57:33 | INFO | Message received from author: Eve
2025-09-09 19:57:33 | INFO | Updated author counts: {'Alice': 4, 'Charlie': 2, 'Diana': 4, 'Eve': 4, 'Bob': 2}
2025-09-09 19:57:34 | INFO | Sent message to topic 'buzzline_json': {'message': 'Buzz messages for everyone.', 'author': 'Alice'}
2025-09-09 19:57:34 | INFO | Processed JSON message: {'message': 'Buzz messages for everyone.', 'author': 'Alice'}
2025-09-09 19:57:34 | INFO | Message received from author: Alice
2025-09-09 19:57:34 | INFO | Updated author counts: {'Alice': 5, 'Charlie': 2, 'Diana': 4, 'Eve': 4, 'Bob': 2}
2025-09-09 19:57:35 | INFO | Sent message to topic 'buzzline_json': {'message': 'This is a buzz message.', 'author': 'Alice'}
2025-09-09 19:57:35 | INFO | Processed JSON message: {'message': 'This is a buzz message.', 'author': 'Alice'}
2025-09-09 19:57:35 | INFO | Message received from author: Alice
2025-09-09 19:57:35 | INFO | Updated author counts: {'Alice': 6, 'Charlie': 2, 'Diana': 4, 'Eve': 4, 'Bob': 2}
2025-09-09 19:57:36 | INFO | Sent message to topic 'buzzline_json': {'message': 'Data engineering is my passion.', 'author': 'Diana'}
2025-09-09 19:57:36 | INFO | Processed JSON message: {'message': 'Data engineering is my passion.', 'author': 'Diana'}
2025-09-09 19:57:36 | INFO | Message received from author: Diana
2025-09-09 19:57:36 | INFO | Updated author counts: {'Alice': 6, 'Charlie': 2, 'Diana': 5, 'Eve': 4, 'Bob': 2}
2025-09-09 19:57:37 | INFO | Sent message to topic 'buzzline_json': {'message': 'I love Python!', 'author': 'Eve'}
2025-09-09 19:57:37 | INFO | Processed JSON message: {'message': 'I love Python!', 'author': 'Eve'}
2025-09-09 19:57:37 | INFO | Message received from author: Eve
2025-09-09 19:57:37 | INFO | Updated author counts: {'Alice': 6, 'Charlie': 2, 'Diana': 5, 'Eve': 5, 'Bob': 2}
2025-09-09 19:57:38 | INFO | Sent message to topic 'buzzline_json': {'message': 'JSON makes life easier.', 'author': 'Charlie'}
2025-09-09 19:57:38 | INFO | Processed JSON message: {'message': 'JSON makes life easier.', 'author': 'Charlie'}
2025-09-09 19:57:38 | INFO | Message received from author: Charlie
2025-09-09 19:57:38 | INFO | Updated author counts: {'Alice': 6, 'Charlie': 3, 'Diana': 5, 'Eve': 5, 'Bob': 2}
2025-09-09 19:57:39 | INFO | Sent message to topic 'buzzline_json': {'message': 'Have a great day!', 'author': 'Bob'}
2025-09-09 19:57:39 | INFO | Processed JSON message: {'message': 'Have a great day!', 'author': 'Bob'}
2025-09-09 19:57:39 | INFO | Message received from author: Bob
2025-09-09 19:57:39 | INFO | Updated author counts: {'Alice': 6, 'Charlie': 3, 'Diana': 5, 'Eve': 5, 'Bob': 3}
2025-09-09 19:57:40 | INFO | Sent message to topic 'buzzline_json': {'message': 'Data engineering is my passion.', 'author': 'Alice'}
2025-09-09 19:57:40 | INFO | Processed JSON message: {'message': 'Data engineering is my passion.', 'author': 'Alice'}
2025-09-09 19:57:40 | INFO | Message received from author: Alice
2025-09-09 19:57:40 | INFO | Updated author counts: {'Alice': 7, 'Charlie': 3, 'Diana': 5, 'Eve': 5, 'Bob': 3}
2025-09-09 19:57:41 | INFO | Sent message to topic 'buzzline_json': {'message': 'Kafka is awesome.', 'author': 'Diana'}
2025-09-09 19:57:41 | INFO | Processed JSON message: {'message': 'Kafka is awesome.', 'author': 'Diana'}
2025-09-09 19:57:41 | INFO | Message received from author: Diana
2025-09-09 19:57:41 | INFO | Updated author counts: {'Alice': 7, 'Charlie': 3, 'Diana': 6, 'Eve': 5, 'Bob': 3}
2025-09-09 19:57:42 | INFO | Sent message to topic 'buzzline_json': {'message': 'Kafka is awesome.', 'author': 'Diana'}
2025-09-09 19:57:42 | INFO | Processed JSON message: {'message': 'Kafka is awesome.', 'author': 'Diana'}
2025-09-09 19:57:42 | INFO | Message received from author: Diana
2025-09-09 19:57:42 | INFO | Updated author counts: {'Alice': 7, 'Charlie': 3, 'Diana': 7, 'Eve': 5, 'Bob': 3}
2025-09-09 19:57:43 | INFO | Sent message to topic 'buzzline_json': {'message': 'Hello, Kafka world!', 'author': 'Bob'}
2025-09-09 19:57:43 | INFO | Processed JSON message: {'message': 'Hello, Kafka world!', 'author': 'Bob'}
2025-09-09 19:57:43 | INFO | Message received from author: Bob
2025-09-09 19:57:43 | INFO | Updated author counts: {'Alice': 7, 'Charlie': 3, 'Diana': 7, 'Eve': 5, 'Bob': 4}
2025-09-09 19:57:44 | INFO | Sent message to topic 'buzzline_json': {'message': 'Distributed systems are fascinating.', 'author': 'Diana'}
2025-09-09 19:57:44 | INFO | Processed JSON message: {'message': 'Distributed systems are fascinating.', 'author': 'Diana'}
2025-09-09 19:57:44 | INFO | Message received from author: Diana
2025-09-09 19:57:44 | INFO | Updated author counts: {'Alice': 7, 'Charlie': 3, 'Diana': 8, 'Eve': 5, 'Bob': 4}
2025-09-09 19:57:45 | INFO | Sent message to topic 'buzzline_json': {'message': 'I love Python!', 'author': 'Diana'}
2025-09-09 19:57:45 | INFO | Processed JSON message: {'message': 'I love Python!', 'author': 'Diana'}
2025-09-09 19:57:45 | INFO | Message received from author: Diana
2025-09-09 19:57:45 | INFO | Updated author counts: {'Alice': 7, 'Charlie': 3, 'Diana': 9, 'Eve': 5, 'Bob': 4}
2025-09-09 19:57:46 | INFO | Sent message to topic 'buzzline_json': {'message': 'Have a great day!', 'author': 'Alice'}
2025-09-09 19:57:46 | INFO | Processed JSON message: {'message': 'Have a great day!', 'author': 'Alice'}
2025-09-09 19:57:46 | INFO | Message received from author: Alice
2025-09-09 19:57:46 | INFO | Updated author counts: {'Alice': 8, 'Charlie': 3, 'Diana': 9, 'Eve': 5, 'Bob': 4}
2025-09-09 19:57:47 | INFO | Processed JSON message: {'message': 'Hello, Kafka world!', 'author': 'Charlie'}
': 'Charlie'}
2025-09-09 19:57:47 | INFO | Message received from author: Charlie
2025-09-09 19:57:47 | INFO | Updated author counts: {'Alice': 8, 'Charlie': 4, 'Diana': 9, 'Eve': 5, 'Bob': 4}
2025-09-09 19:57:48 | INFO | Sent message to topic 'buzzline_json': {'message': 'JSON makes life easier.', 'author': 'Diana'}
2025-09-09 19:57:48 | INFO | Processed JSON message: {'message': 'JSON makes life easier.', 'author': 'Diana'}
2025-09-09 19:57:48 | INFO | Message received from author: Diana
2025-09-09 19:57:48 | INFO | Updated author counts: {'Alice': 8, 'Charlie': 4, 'Diana': 10, 'Eve': 5, 'Bob': 4}
2025-09-09 19:57:49 | INFO | Sent message to topic 'buzzline_json': {'message': 'I love Python!', 'author': 'Bob'}
2025-09-09 19:57:49 | INFO | Processed JSON message: {'message': 'I love Python!', 'author': 'Bob'}
2025-09-09 19:57:49 | INFO | Message received from author: Bob
2025-09-09 19:57:49 | INFO | Updated author counts: {'Alice': 8, 'Charlie': 4, 'Diana': 10, 'Eve': 5, 'Bob': 5}
2025-09-09 19:57:50 | INFO | Sent message to topic 'buzzline_json': {'message': 'Have a great day!', 'author': 'Diana'}
2025-09-09 19:57:50 | INFO | Processed JSON message: {'message': 'Have a great day!', 'author': 'Diana'}
2025-09-09 19:57:50 | INFO | Message received from author: Diana
2025-09-09 19:57:50 | INFO | Updated author counts: {'Alice': 8, 'Charlie': 4, 'Diana': 11, 'Eve': 5, 'Bob': 5}
2025-09-09 19:57:51 | INFO | Sent message to topic 'buzzline_json': {'message': 'Hello, Kafka world!', 'author': 'Alice'}
2025-09-09 19:57:51 | INFO | Processed JSON message: {'message': 'Hello, Kafka world!', 'author': 'Alice'}
2025-09-09 19:57:51 | INFO | Message received from author: Alice
2025-09-09 19:57:51 | INFO | Updated author counts: {'Alice': 9, 'Charlie': 4, 'Diana': 11, 'Eve': 5, 'Bob': 5}
2025-09-09 19:57:52 | INFO | Sent message to topic 'buzzline_json': {'message': 'JSON makes life easier.', 'author': 'Alice'}
2025-09-09 19:57:52 | INFO | Processed JSON message: {'message': 'JSON makes life easier.', 'author': 'Alice'}
2025-09-09 19:57:52 | INFO | Message received from author: Alice
2025-09-09 19:57:52 | INFO | Updated author counts: {'Alice': 10, 'Charlie': 4, 'Diana': 11, 'Eve': 5, 'Bob': 5}
2025-09-09 19:57:53 | INFO | Sent message to topic 'buzzline_json': {'message': 'Buzz messages for everyone.', 'author': 'Charlie'}
2025-09-09 19:57:53 | INFO | Processed JSON message: {'message': 'Buzz messages for everyone.', 'author': 'Charlie'}
2025-09-09 19:57:53 | INFO | Message received from author: Charlie
2025-09-09 19:57:53 | INFO | Updated author counts: {'Alice': 10, 'Charlie': 5, 'Diana': 11, 'Eve': 5, 'Bob': 5}
2025-09-09 19:57:54 | INFO | Sent message to topic 'buzzline_json': {'message': 'Buzz messages for everyone.', 'author': 'Bob'}
2025-09-09 19:57:54 | INFO | Processed JSON message: {'message': 'Buzz messages for everyone.', 'author': 'Bob'}
2025-09-09 19:57:54 | INFO | Message received from author: Bob
2025-09-09 19:57:54 | INFO | Updated author counts: {'Alice': 10, 'Charlie': 5, 'Diana': 11, 'Eve': 5, 'Bob': 6}
2025-09-09 19:57:55 | INFO | Sent message to topic 'buzzline_json': {'message': 'Streaming data is fun.', 'author': 'Diana'}
2025-09-09 19:57:55 | INFO | Processed JSON message: {'message': 'Streaming data is fun.', 'author': 'Diana'}
2025-09-09 19:57:55 | INFO | Message received from author: Diana
2025-09-09 19:57:55 | INFO | Updated author counts: {'Alice': 10, 'Charlie': 5, 'Diana': 12, 'Eve': 5, 'Bob': 6}
2025-09-09 19:57:56 | INFO | Sent message to topic 'buzzline_json': {'message': 'Have a great day!', 'author': 'Diana'}
2025-09-09 19:57:56 | INFO | Processed JSON message: {'message': 'Have a great day!', 'author': 'Diana'}
2025-09-09 19:57:56 | INFO | Message received from author: Diana
2025-09-09 19:57:56 | INFO | Updated author counts: {'Alice': 10, 'Charlie': 5, 'Diana': 13, 'Eve': 5, 'Bob': 6}
2025-09-09 19:57:57 | INFO | Sent message to topic 'buzzline_json': {'message': 'I love Python!', 'author': 'Alice'}
2025-09-09 19:57:57 | INFO | Processed JSON message: {'message': 'I love Python!', 'author': 'Alice'}
2025-09-09 19:57:57 | INFO | Message received from author: Alice
2025-09-09 19:57:57 | INFO | Updated author counts: {'Alice': 11, 'Charlie': 5, 'Diana': 13, 'Eve': 5, 'Bob': 6}
2025-09-09 19:57:58 | INFO | Sent message to topic 'buzzline_json': {'message': 'Streaming data is fun.', 'author': 'Charlie'}
2025-09-09 19:57:58 | INFO | Processed JSON message: {'message': 'Streaming data is fun.', 'author': 'Charlie'}
2025-09-09 19:57:58 | INFO | Message received from author: Charlie
2025-09-09 19:57:58 | INFO | Updated author counts: {'Alice': 11, 'Charlie': 6, 'Diana': 13, 'Eve': 5, 'Bob': 6}
2025-09-09 19:57:59 | INFO | Sent message to topic 'buzzline_json': {'message': 'Kafka is awesome.', 'author': 'Alice'}
2025-09-09 19:57:59 | INFO | Processed JSON message: {'message': 'Kafka is awesome.', 'author': 'Alice'}
2025-09-09 19:57:59 | INFO | Message received from author: Alice
2025-09-09 19:57:59 | INFO | Updated author counts: {'Alice': 12, 'Charlie': 6, 'Diana': 13, 'Eve': 5, 'Bob': 6}
2025-09-09 19:58:00 | INFO | Sent message to topic 'buzzline_json': {'message': 'Kafka is awesome.', 'author': 'Diana'}
2025-09-09 19:58:00 | INFO | Processed JSON message: {'message': 'Kafka is awesome.', 'author': 'Diana'}
2025-09-09 19:58:00 | INFO | Message received from author: Diana
2025-09-09 19:58:00 | INFO | Updated author counts: {'Alice': 12, 'Charlie': 6, 'Diana': 14, 'Eve': 5, 'Bob': 6}
2025-09-09 19:58:01 | INFO | Sent message to topic 'buzzline_json': {'message': 'Kafka is awesome.', 'author': 'Alice'}
2025-09-09 19:58:01 | INFO | Processed JSON message: {'message': 'Kafka is awesome.', 'author': 'Alice'}
2025-09-09 19:58:01 | INFO | Message received from author: Alice
2025-09-09 19:58:01 | INFO | Updated author counts: {'Alice': 13, 'Charlie': 6, 'Diana': 14, 'Eve': 5, 'Bob': 6}
2025-09-09 19:58:02 | INFO | Sent message to topic 'buzzline_json': {'message': 'JSON makes life easier.', 'author': 'Bob'}
2025-09-09 19:58:02 | INFO | Processed JSON message: {'message': 'JSON makes life easier.', 'author': 'Bob'}
2025-09-09 19:58:02 | INFO | Message received from author: Bob
2025-09-09 19:58:02 | INFO | Updated author counts: {'Alice': 13, 'Charlie': 6, 'Diana': 14, 'Eve': 5, 'Bob': 7}
2025-09-09 19:58:03 | INFO | Sent message to topic 'buzzline_json': {'message': 'This is a buzz message.', 'author': 'Bob'}
2025-09-09 19:58:03 | INFO | Processed JSON message: {'message': 'This is a buzz message.', 'author': 'Bob'}
2025-09-09 19:58:03 | INFO | Message received from author: Bob
2025-09-09 19:58:03 | INFO | Updated author counts: {'Alice': 13, 'Charlie': 6, 'Diana': 14, 'Eve': 5, 'Bob': 8}
2025-09-09 19:58:04 | INFO | Sent message to topic 'buzzline_json': {'message': 'Streaming data is fun.', 'author': 'Diana'}
2025-09-09 19:58:04 | INFO | Processed JSON message: {'message': 'Streaming data is fun.', 'author': 'Diana'}
2025-09-09 19:58:04 | INFO | Message received from author: Diana
2025-09-09 19:58:04 | INFO | Updated author counts: {'Alice': 13, 'Charlie': 6, 'Diana': 15, 'Eve': 5, 'Bob': 8}
2025-09-09 19:58:05 | INFO | Sent message to topic 'buzzline_json': {'message': 'Have a great day!', 'author': 'Bob'}
2025-09-09 19:58:05 | INFO | Processed JSON message: {'message': 'Have a great day!', 'author': 'Bob'}
2025-09-09 19:58:05 | INFO | Message received from author: Bob
2025-09-09 19:58:05 | INFO | Updated author counts: {'Alice': 13, 'Charlie': 6, 'Diana': 15, 'Eve': 5, 'Bob': 9}
2025-09-09 19:58:06 | INFO | Sent message to topic 'buzzline_json': {'message': 'This is a buzz message.', 'author': 'Eve'}
2025-09-09 19:58:06 | INFO | Processed JSON message: {'message': 'This is a buzz message.', 'author': 'Eve'}
2025-09-09 19:58:06 | INFO | Message received from author: Eve
2025-09-09 19:58:06 | INFO | Updated author counts: {'Alice': 13, 'Charlie': 6, 'Diana': 15, 'Eve': 6, 'Bob': 9}
2025-09-09 19:58:07 | INFO | Sent message to topic 'buzzline_json': {'message': 'Hello, Kafka world!', 'author': 'Bob'}
2025-09-09 19:58:07 | INFO | Processed JSON message: {'message': 'Hello, Kafka world!', 'author': 'Bob'}
2025-09-09 19:58:07 | INFO | Message received from author: Bob
2025-09-09 19:58:07 | INFO | Updated author counts: {'Alice': 13, 'Charlie': 6, 'Diana': 15, 'Eve': 6, 'Bob': 10}
2025-09-09 19:58:08 | INFO | Sent message to topic 'buzzline_json': {'message': 'This is a buzz message.', 'author': 'Alice'}
2025-09-09 19:58:08 | INFO | Processed JSON message: {'message': 'This is a buzz message.', 'author': 'Alice'}
2025-09-09 19:58:08 | INFO | Message received from author: Alice
2025-09-09 19:58:08 | INFO | Updated author counts: {'Alice': 14, 'Charlie': 6, 'Diana': 15, 'Eve': 6, 'Bob': 10}
2025-09-09 19:58:09 | INFO | Sent message to topic 'buzzline_json': {'message': 'Streaming data is fun.', 'author': 'Eve'}
2025-09-09 19:58:09 | INFO | Processed JSON message: {'message': 'Streaming data is fun.', 'author': 'Eve'}
2025-09-09 19:58:09 | INFO | Message received from author: Eve
2025-09-09 19:58:09 | INFO | Updated author counts: {'Alice': 14, 'Charlie': 6, 'Diana': 15, 'Eve': 7, 'Bob': 10}
2025-09-09 19:58:10 | INFO | Sent message to topic 'buzzline_json': {'message': 'Kafka is awesome.', 'author': 'Alice'}
2025-09-09 19:58:10 | INFO | Processed JSON message: {'message': 'Kafka is awesome.', 'author': 'Alice'}
2025-09-09 19:58:10 | INFO | Message received from author: Alice
2025-09-09 19:58:10 | INFO | Updated author counts: {'Alice': 15, 'Charlie': 6, 'Diana': 15, 'Eve': 7, 'Bob': 10}
2025-09-09 19:58:11 | INFO | Sent message to topic 'buzzline_json': {'message': 'JSON makes life easier.', 'author': 'Bob'}
2025-09-09 19:58:11 | INFO | Processed JSON message: {'message': 'JSON makes life easier.', 'author': 'Bob'}
2025-09-09 19:58:11 | INFO | Message received from author: Bob
2025-09-09 19:58:11 | INFO | Updated author counts: {'Alice': 15, 'Charlie': 6, 'Diana': 15, 'Eve': 7, 'Bob': 11}
2025-09-09 19:58:12 | INFO | Sent message to topic 'buzzline_json': {'message': 'This is a buzz message.', 'author': 'Charlie'}
2025-09-09 19:58:12 | INFO | Processed JSON message: {'message': 'This is a buzz message.', 'author': 'Charlie'}
2025-09-09 19:58:12 | INFO | Message received from author: Charlie
2025-09-09 19:58:12 | INFO | Updated author counts: {'Alice': 15, 'Charlie': 7, 'Diana': 15, 'Eve': 7, 'Bob': 11}
2025-09-09 19:58:13 | INFO | Sent message to topic 'buzzline_json': {'message': 'Have a great day!', 'author': 'Diana'}
2025-09-09 19:58:13 | INFO | Processed JSON message: {'message': 'Have a great day!', 'author': 'Diana'}
2025-09-09 19:58:13 | INFO | Message received from author: Diana
2025-09-09 19:58:13 | INFO | Updated author counts: {'Alice': 15, 'Charlie': 7, 'Diana': 16, 'Eve': 7, 'Bob': 11}
2025-09-09 19:58:14 | INFO | Sent message to topic 'buzzline_json': {'message': 'Distributed systems are fascinating.', 'author': 'Bob'}
2025-09-09 19:58:14 | INFO | Processed JSON message: {'message': 'Distributed systems are fascinating.', 'author': 'Bob'}
2025-09-09 19:58:14 | INFO | Message received from author: Bob
2025-09-09 19:58:14 | INFO | Updated author counts: {'Alice': 15, 'Charlie': 7, 'Diana': 16, 'Eve': 7, 'Bob': 12}
2025-09-09 19:58:15 | INFO | Sent message to topic 'buzzline_json': {'message': 'Kafka is awesome.', 'author': 'Alice'}
2025-09-09 19:58:15 | INFO | Processed JSON message: {'message': 'Kafka is awesome.', 'author': 'Alice'}
2025-09-09 19:58:15 | INFO | Message received from author: Alice
2025-09-09 19:58:15 | INFO | Updated author counts: {'Alice': 16, 'Charlie': 7, 'Diana': 16, 'Eve': 7, 'Bob': 12}
2025-09-09 19:58:16 | INFO | Sent message to topic 'buzzline_json': {'message': 'Streaming data is fun.', 'author': 'Alice'}
2025-09-09 19:58:16 | INFO | Processed JSON message: {'message': 'Streaming data is fun.', 'author': 'Alice'}
2025-09-09 19:58:16 | INFO | Message received from author: Alice
2025-09-09 19:58:16 | INFO | Updated author counts: {'Alice': 17, 'Charlie': 7, 'Diana': 16, 'Eve': 7, 'Bob': 12}
2025-09-09 19:58:17 | INFO | Sent message to topic 'buzzline_json': {'message': 'Have a great day!', 'author': 'Diana'}
2025-09-09 19:58:17 | INFO | Processed JSON message: {'message': 'Have a great day!', 'author': 'Diana'}
2025-09-09 19:58:17 | INFO | Message received from author: Diana
2025-09-09 19:58:17 | INFO | Updated author counts: {'Alice': 17, 'Charlie': 7, 'Diana': 17, 'Eve': 7, 'Bob': 12}
2025-09-09 19:58:18 | INFO | Sent message to topic 'buzzline_json': {'message': 'Streaming data is fun.', 'author': 'Alice'}
2025-09-09 19:58:18 | INFO | Processed JSON message: {'message': 'Streaming data is fun.', 'author': 'Alice'}
2025-09-09 19:58:18 | INFO | Message received from author: Alice
2025-09-09 19:58:18 | INFO | Updated author counts: {'Alice': 18, 'Charlie': 7, 'Diana': 17, 'Eve': 7, 'Bob': 12}
2025-09-09 19:58:19 | INFO | Sent message to topic 'buzzline_json': {'message': 'This is a buzz message.', 'author': 'Diana'}
2025-09-09 19:58:19 | INFO | Processed JSON message: {'message': 'This is a buzz message.', 'author': 'Diana'}
2025-09-09 19:58:19 | INFO | Message received from author: Diana
2025-09-09 19:58:19 | INFO | Updated author counts: {'Alice': 18, 'Charlie': 7, 'Diana': 18, 'Eve': 7, 'Bob': 12}
2025-09-09 19:58:20 | INFO | Sent message to topic 'buzzline_json': {'message': 'Data engineering is my passion.', 'author': 'Bob'}
2025-09-09 19:58:20 | INFO | Processed JSON message: {'message': 'Data engineering is my passion.', 'author': 'Bob'}
2025-09-09 19:58:20 | INFO | Message received from author: Bob
2025-09-09 19:58:20 | INFO | Updated author counts: {'Alice': 18, 'Charlie': 7, 'Diana': 18, 'Eve': 7, 'Bob': 13}
2025-09-09 19:58:21 | INFO | Sent message to topic 'buzzline_json': {'message': 'Have a great day!', 'author': 'Diana'}
2025-09-09 19:58:21 | INFO | Processed JSON message: {'message': 'Have a great day!', 'author': 'Diana'}
2025-09-09 19:58:21 | INFO | Message received from author: Diana
2025-09-09 19:58:21 | INFO | Updated author counts: {'Alice': 18, 'Charlie': 7, 'Diana': 19, 'Eve': 7, 'Bob': 13}
2025-09-09 19:58:22 | INFO | Sent message to topic 'buzzline_json': {'message': 'Kafka is awesome.', 'author': 'Alice'}
2025-09-09 19:58:22 | INFO | Processed JSON message: {'message': 'Kafka is awesome.', 'author': 'Alice'}
2025-09-09 19:58:22 | INFO | Message received from author: Alice
2025-09-09 19:58:22 | INFO | Updated author counts: {'Alice': 19, 'Charlie': 7, 'Diana': 19, 'Eve': 7, 'Bob': 13}
2025-09-09 19:58:23 | INFO | Sent message to topic 'buzzline_json': {'message': 'Kafka is awesome.', 'author': 'Eve'}
2025-09-09 19:58:23 | INFO | Processed JSON message: {'message': 'Kafka is awesome.', 'author': 'Eve'}
2025-09-09 19:58:23 | INFO | Message received from author: Eve
2025-09-09 19:58:23 | INFO | Updated author counts: {'Alice': 19, 'Charlie': 7, 'Diana': 19, 'Eve': 8, 'Bob': 13}
2025-09-09 19:58:24 | INFO | Sent message to topic 'buzzline_json': {'message': 'Have a great day!', 'author': 'Diana'}
2025-09-09 19:58:24 | INFO | Processed JSON message: {'message': 'Have a great day!', 'author': 'Diana'}
2025-09-09 19:58:24 | INFO | Message received from author: Diana
2025-09-09 19:58:24 | INFO | Updated author counts: {'Alice': 19, 'Charlie': 7, 'Diana': 20, 'Eve': 8, 'Bob': 13}
2025-09-09 19:58:25 | INFO | Sent message to topic 'buzzline_json': {'message': 'Buzz messages for everyone.', 'author': 'Charlie'}
2025-09-09 19:58:25 | INFO | Processed JSON message: {'message': 'Buzz messages for everyone.', 'author': 'Charlie'}
2025-09-09 19:58:25 | INFO | Message received from author: Charlie
2025-09-09 19:58:25 | INFO | Updated author counts: {'Alice': 19, 'Charlie': 8, 'Diana': 20, 'Eve': 8, 'Bob': 13}
2025-09-09 19:58:26 | INFO | Sent message to topic 'buzzline_json': {'message': 'This is a buzz message.', 'author': 'Charlie'}
2025-09-09 19:58:26 | INFO | Processed JSON message: {'message': 'This is a buzz message.', 'author': 'Charlie'}
2025-09-09 19:58:26 | INFO | Message received from author: Charlie
2025-09-09 19:58:26 | INFO | Updated author counts: {'Alice': 19, 'Charlie': 9, 'Diana': 20, 'Eve': 8, 'Bob': 13}
2025-09-09 19:58:27 | INFO | Sent message to topic 'buzzline_json': {'message': 'Streaming data is fun.', 'author': 'Alice'}
2025-09-09 19:58:27 | INFO | Processed JSON message: {'message': 'Streaming data is fun.', 'author': 'Alice'}
2025-09-09 19:58:27 | INFO | Message received from author: Alice
2025-09-09 19:58:27 | INFO | Updated author counts: {'Alice': 20, 'Charlie': 9, 'Diana': 20, 'Eve': 8, 'Bob': 13}
2025-09-09 19:58:28 | INFO | Sent message to topic 'buzzline_json': {'message': 'Hello, Kafka world!', 'author': 'Diana'}
2025-09-09 19:58:28 | INFO | Processed JSON message: {'message': 'Hello, Kafka world!', 'author': 'Diana'}
2025-09-09 19:58:28 | INFO | Message received from author: Diana
2025-09-09 19:58:28 | INFO | Updated author counts: {'Alice': 20, 'Charlie': 9, 'Diana': 21, 'Eve': 8, 'Bob': 13}
2025-09-09 19:58:29 | INFO | Sent message to topic 'buzzline_json': {'message': 'Kafka is awesome.', 'author': 'Bob'}
2025-09-09 19:58:29 | INFO | Processed JSON message: {'message': 'Kafka is awesome.', 'author': 'Bob'}
2025-09-09 19:58:29 | INFO | Message received from author: Bob
2025-09-09 19:58:29 | INFO | Updated author counts: {'Alice': 20, 'Charlie': 9, 'Diana': 21, 'Eve': 8, 'Bob': 14}
2025-09-09 19:58:30 | INFO | Sent message to topic 'buzzline_json': {'message': 'I love Python!', 'author': 'Eve'}
2025-09-09 19:58:30 | INFO | Processed JSON message: {'message': 'I love Python!', 'author': 'Eve'}
2025-09-09 19:58:30 | INFO | Message received from author: Eve
2025-09-09 19:58:30 | INFO | Updated author counts: {'Alice': 20, 'Charlie': 9, 'Diana': 21, 'Eve': 9, 'Bob': 14}
2025-09-09 19:58:31 | INFO | Sent message to topic 'buzzline_json': {'message': 'JSON makes life easier.', 'author': 'Charlie'}
2025-09-09 19:58:31 | INFO | Processed JSON message: {'message': 'JSON makes life easier.', 'author': 'Charlie'}
2025-09-09 19:58:31 | INFO | Message received from author: Charlie
2025-09-09 19:58:31 | INFO | Updated author counts: {'Alice': 20, 'Charlie': 10, 'Diana': 21, 'Eve': 9, 'Bob': 14}
2025-09-09 19:58:32 | INFO | Sent message to topic 'buzzline_json': {'message': 'I love Python!', 'author': 'Charlie'}
2025-09-09 19:58:32 | INFO | Processed JSON message: {'message': 'I love Python!', 'author': 'Charlie'}
2025-09-09 19:58:32 | INFO | Message received from author: Charlie
2025-09-09 19:58:32 | INFO | Updated author counts: {'Alice': 20, 'Charlie': 11, 'Diana': 21, 'Eve': 9, 'Bob': 14}
2025-09-09 19:58:33 | INFO | Sent message to topic 'buzzline_json': {'message': 'I love Python!', 'author': 'Charlie'}
2025-09-09 19:58:33 | INFO | Processed JSON message: {'message': 'I love Python!', 'author': 'Charlie'}
2025-09-09 19:58:33 | INFO | Message received from author: Charlie
2025-09-09 19:58:33 | INFO | Updated author counts: {'Alice': 20, 'Charlie': 12, 'Diana': 21, 'Eve': 9, 'Bob': 14}
2025-09-09 19:58:34 | INFO | Sent message to topic 'buzzline_json': {'message': 'I love Python!', 'author': 'Diana'}
2025-09-09 19:58:34 | INFO | Processed JSON message: {'message': 'I love Python!', 'author': 'Diana'}
2025-09-09 19:58:34 | INFO | Message received from author: Diana
2025-09-09 19:58:34 | INFO | Updated author counts: {'Alice': 20, 'Charlie': 12, 'Diana': 22, 'Eve': 9, 'Bob': 14}
2025-09-09 19:58:35 | INFO | Sent message to topic 'buzzline_json': {'message': 'Streaming data is fun.', 'author': 'Diana'}
2025-09-09 19:58:35 | INFO | Processed JSON message: {'message': 'Streaming data is fun.', 'author': 'Diana'}
2025-09-09 19:58:35 | INFO | Message received from author: Diana
2025-09-09 19:58:35 | INFO | Updated author counts: {'Alice': 20, 'Charlie': 12, 'Diana': 23, 'Eve': 9, 'Bob': 14}
2025-09-09 19:58:36 | INFO | Sent message to topic 'buzzline_json': {'message': 'Data engineering is my passion.', 'author': 'Eve'}
2025-09-09 19:58:36 | INFO | Processed JSON message: {'message': 'Data engineering is my passion.', 'author': 'Eve'}
2025-09-09 19:58:36 | INFO | Message received from author: Eve
2025-09-09 19:58:36 | INFO | Updated author counts: {'Alice': 20, 'Charlie': 12, 'Diana': 23, 'Eve': 10, 'Bob': 14}
2025-09-09 19:58:37 | INFO | Sent message to topic 'buzzline_json': {'message': 'Buzz messages for everyone.', 'author': 'Eve'}
2025-09-09 19:58:37 | INFO | Processed JSON message: {'message': 'Buzz messages for everyone.', 'author': 'Eve'}
2025-09-09 19:58:37 | INFO | Message received from author: Eve
2025-09-09 19:58:37 | INFO | Updated author counts: {'Alice': 20, 'Charlie': 12, 'Diana': 23, 'Eve': 11, 'Bob': 14}
2025-09-09 19:58:38 | INFO | Sent message to topic 'buzzline_json': {'message': 'JSON makes life easier.', 'author': 'Eve'}
2025-09-09 19:58:38 | INFO | Processed JSON message: {'message': 'JSON makes life easier.', 'author': 'Eve'}
2025-09-09 19:58:38 | INFO | Message received from author: Eve
2025-09-09 19:58:38 | INFO | Updated author counts: {'Alice': 20, 'Charlie': 12, 'Diana': 23, 'Eve': 12, 'Bob': 14}
2025-09-09 19:58:39 | INFO | Sent message to topic 'buzzline_json': {'message': 'Have a great day!', 'author': 'Alice'}
2025-09-09 19:58:39 | INFO | Processed JSON message: {'message': 'Have a great day!', 'author': 'Alice'}
2025-09-09 19:58:39 | INFO | Message received from author: Alice
2025-09-09 19:58:39 | INFO | Updated author counts: {'Alice': 21, 'Charlie': 12, 'Diana': 23, 'Eve': 12, 'Bob': 14}
2025-09-09 19:58:40 | INFO | Sent message to topic 'buzzline_json': {'message': 'I love Python!', 'author': 'Bob'}
2025-09-09 19:58:40 | INFO | Processed JSON message: {'message': 'I love Python!', 'author': 'Bob'}
2025-09-09 19:58:40 | INFO | Message received from author: Bob
2025-09-09 19:58:40 | INFO | Updated author counts: {'Alice': 21, 'Charlie': 12, 'Diana': 23, 'Eve': 12, 'Bob': 15}
2025-09-09 19:58:41 | INFO | Sent message to topic 'buzzline_json': {'message': 'I love Python!', 'author': 'Bob'}
2025-09-09 19:58:41 | INFO | Processed JSON message: {'message': 'I love Python!', 'author': 'Bob'}
2025-09-09 19:58:41 | INFO | Message received from author: Bob
2025-09-09 19:58:41 | INFO | Updated author counts: {'Alice': 21, 'Charlie': 12, 'Diana': 23, 'Eve': 12, 'Bob': 16}
2025-09-09 19:58:42 | INFO | Sent message to topic 'buzzline_json': {'message': 'This is a buzz message.', 'author': 'Eve'}
2025-09-09 19:58:42 | INFO | Processed JSON message: {'message': 'This is a buzz message.', 'author': 'Eve'}
2025-09-09 19:58:42 | INFO | Message received from author: Eve
2025-09-09 19:58:42 | INFO | Updated author counts: {'Alice': 21, 'Charlie': 12, 'Diana': 23, 'Eve': 13, 'Bob': 16}
2025-09-09 19:58:43 | INFO | Sent message to topic 'buzzline_json': {'message': 'This is a buzz message.', 'author': 'Alice'}
2025-09-09 19:58:43 | INFO | Processed JSON message: {'message': 'This is a buzz message.', 'author': 'Alice'}
2025-09-09 19:58:43 | INFO | Message received from author: Alice
2025-09-09 19:58:43 | INFO | Updated author counts: {'Alice': 22, 'Charlie': 12, 'Diana': 23, 'Eve': 13, 'Bob': 16}
2025-09-09 19:58:44 | INFO | Sent message to topic 'buzzline_json': {'message': 'Distributed systems are fascinating.', 'author': 'Diana'}
2025-09-09 19:58:44 | INFO | Processed JSON message: {'message': 'Distributed systems are fascinating.', 'author': 'Diana'}
2025-09-09 19:58:44 | INFO | Message received from author: Diana
2025-09-09 19:58:44 | INFO | Updated author counts: {'Alice': 22, 'Charlie': 12, 'Diana': 24, 'Eve': 13, 'Bob': 16}
2025-09-09 19:58:45 | INFO | Sent message to topic 'buzzline_json': {'message': 'Streaming data is fun.', 'author': 'Eve'}
2025-09-09 19:58:45 | INFO | Processed JSON message: {'message': 'Streaming data is fun.', 'author': 'Eve'}
2025-09-09 19:58:45 | INFO | Message received from author: Eve
2025-09-09 19:58:45 | INFO | Updated author counts: {'Alice': 22, 'Charlie': 12, 'Diana': 24, 'Eve': 14, 'Bob': 16}
2025-09-09 19:58:46 | INFO | Sent message to topic 'buzzline_json': {'message': 'Have a great day!', 'author': 'Charlie'}
2025-09-09 19:58:46 | INFO | Processed JSON message: {'message': 'Have a great day!', 'author': 'Charlie'}
2025-09-09 19:58:46 | INFO | Message received from author: Charlie
2025-09-09 19:58:46 | INFO | Updated author counts: {'Alice': 22, 'Charlie': 13, 'Diana': 24, 'Eve': 14, 'Bob': 16}
2025-09-09 19:58:47 | INFO | Sent message to topic 'buzzline_json': {'message': 'JSON makes life easier.', 'author': 'Eve'}
2025-09-09 19:58:47 | INFO | Processed JSON message: {'message': 'JSON makes life easier.', 'author': 'Eve'}
2025-09-09 19:58:47 | INFO | Message received from author: Eve
2025-09-09 19:58:47 | INFO | Updated author counts: {'Alice': 22, 'Charlie': 13, 'Diana': 24, 'Eve': 15, 'Bob': 16}
2025-09-09 19:58:48 | INFO | Sent message to topic 'buzzline_json': {'message': 'Buzz messages for everyone.', 'author': 'Diana'}
2025-09-09 19:58:48 | INFO | Processed JSON message: {'message': 'Buzz messages for everyone.', 'author': 'Diana'}
2025-09-09 19:58:48 | INFO | Message received from author: Diana
2025-09-09 19:58:48 | INFO | Updated author counts: {'Alice': 22, 'Charlie': 13, 'Diana': 25, 'Eve': 15, 'Bob': 16}
2025-09-09 19:58:49 | INFO | Sent message to topic 'buzzline_json': {'message': 'This is a buzz message.', 'author': 'Charlie'}
2025-09-09 19:58:49 | INFO | Message received from author: Charlie
