2025-09-11 21:26:33 | INFO | Sent message to topic 'smoker_csv': {'message': 'I love Python! Except when I get errors.', 'author': 'Taylor'}
2025-09-11 21:26:33 | INFO | Processed JSON message: {'message': 'I love Python! Except when I get errors.', 'author': 'Taylor'}
2025-09-11 21:26:33 | ERROR | Invalid message format: {"message": "I love Python! Except when I get errors.", "author": "Taylor"}
2025-09-11 21:26:38 | INFO | Sent message to topic 'smoker_csv': {'message': 'Streaming data is fun, but sometimes it stops.', 'author': 'Alex'}
2025-09-11 21:26:38 | INFO | Processed JSON message: {'message': 'Streaming data is fun, but sometimes it stops.', 'author': 'Alex'}
2025-09-11 21:26:38 | ERROR | Invalid message format: {"message": "Streaming data is fun, but sometimes it stops.", "author": "Alex"}
2025-09-11 21:26:43 | INFO | Opening data file in read mode: PROJECT_ROOT/data/buzz.json
2025-09-11 21:26:43 | INFO | Reading data from file: PROJECT_ROOT/data/buzz.json
2025-09-11 21:26:43 | INFO | Sent message to topic 'smoker_csv': {'message': 'Data engineering is confusing sometimes.', 'author': 'Eve'}
2025-09-11 21:26:43 | INFO | Processed JSON message: {'message': 'Data engineering is confusing sometimes.', 'author': 'Eve'}
2025-09-11 21:26:43 | ERROR | Invalid message format: {"message": "Data engineering is confusing sometimes.", "author": "Eve"}
2025-09-11 21:26:48 | INFO | Sent message to topic 'smoker_csv': {'message': 'Distributed systems break a lot.', 'author': 'Alice'}
2025-09-11 21:26:48 | INFO | Processed JSON message: {'message': 'Distributed systems break a lot.', 'author': 'Alice'}
2025-09-11 21:26:48 | ERROR | Invalid message format: {"message": "Distributed systems break a lot.", "author": "Alice"}
2025-09-11 21:26:53 | INFO | Sent message to topic 'smoker_csv': {'message': 'Have a great day! Unless your code crashes.', 'author': 'Charlie'}
2025-09-11 21:26:53 | INFO | Processed JSON message: {'message': 'Have a great day! Unless your code crashes.', 'author': 'Charlie'}
2025-09-11 21:26:53 | ERROR | Invalid message format: {"message": "Have a great day! Unless your code crashes.", "author": "Charlie"}
2025-09-11 21:26:58 | INFO | Sent message to topic 'smoker_csv': {'message': 'Buzz messages are just test messages.', 'author': 'Alice'}
2025-09-11 21:26:58 | INFO | Processed JSON message: {'message': 'Buzz messages are just test messages.', 'author': 'Alice'}
2025-09-11 21:26:58 | ERROR | Invalid message format: {"message": "Buzz messages are just test messages.", "author": "Alice"}
2025-09-11 21:27:03 | INFO | Sent message to topic 'smoker_csv': {'message': 'Kafka is cool, but hard to set up.', 'author': 'Diana'}
2025-09-11 21:27:03 | INFO | Processed JSON message: {'message': 'Kafka is cool, but hard to set up.', 'author': 'Diana'}
2025-09-11 21:27:03 | ERROR | Invalid message format: {"message": "Kafka is cool, but hard to set up.", "author": "Diana"}
2025-09-11 21:27:08 | INFO | Sent message to topic 'smoker_csv': {'message': 'Hello, Kafka world! Hope this works.', 'author': 'Bob'}
2025-09-11 21:27:08 | INFO | Processed JSON message: {'message': 'Hello, Kafka world! Hope this works.', 'author': 'Bob'}
2025-09-11 21:27:08 | ERROR | Invalid message format: {"message": "Hello, Kafka world! Hope this works.", "author": "Bob"}
2025-09-11 21:27:13 | INFO | Sent message to topic 'smoker_csv': {'message': 'This is a buzz message. Not sure what it does.', 'author': 'Eve'}
2025-09-11 21:27:13 | INFO | Processed JSON message: {'message': 'This is a buzz message. Not sure what it does.', 'author': 'Eve'}
2025-09-11 21:27:13 | ERROR | Invalid message format: {"message": "This is a buzz message. Not sure what it does.", "author": "Eve"}
2025-09-11 21:27:18 | INFO | Sent message to topic 'smoker_csv': {'message': 'JSON is easy, until you mess up the brackets.', 'author': 'Morgan'}
2025-09-11 21:27:18 | INFO | Processed JSON message: {'message': 'JSON is easy, until you mess up the brackets.', 'author': 'Morgan'}
2025-09-11 21:27:18 | ERROR | Invalid message format: {"message": "JSON is easy, until you mess up the brackets.", "author": "Morgan"}
2025-09-11 21:27:19 | WARNING | Consumer interrupted by user.
2025-09-11 21:27:19 | INFO | Kafka consumer for topic 'smoker_csv' closed.
2025-09-11 21:27:23 | INFO | Sent message to topic 'smoker_csv': {'message': 'I love Python! Except when I get errors.', 'author': 'Taylor'}
2025-09-11 21:27:26 | WARNING | Producer interrupted by user.
