2025-09-09 21:39:47 | INFO | Sent message to topic 'smoker_csv': {'timestamp': '2025-09-10T01:39:47.626443', 'temperature': 142.0}
2025-09-09 21:39:52 | INFO | Sent message to topic 'smoker_csv': {'timestamp': '2025-09-10T01:39:52.629055', 'temperature': 142.2}
2025-09-09 21:39:57 | INFO | Sent message to topic 'smoker_csv': {'timestamp': '2025-09-10T01:39:57.630520', 'temperature': 142.0}
2025-09-09 21:40:02 | INFO | Sent message to topic 'smoker_csv': {'timestamp': '2025-09-10T01:40:02.632488', 'temperature': 142.2}
2025-09-09 21:40:07 | INFO | Sent message to topic 'smoker_csv': {'timestamp': '2025-09-10T01:40:07.633782', 'temperature': 142.0}
2025-09-09 21:40:12 | INFO | Opening data file in read mode: PROJECT_ROOT/data/smoker_temps.csv
2025-09-09 21:40:12 | INFO | Reading data from file: PROJECT_ROOT/data/smoker_temps.csv
2025-09-09 21:40:12 | INFO | Sent message to topic 'smoker_csv': {'timestamp': '2025-09-10T01:40:12.635318', 'temperature': 70.4}
2025-09-09 21:40:17 | INFO | Sent message to topic 'smoker_csv': {'timestamp': '2025-09-10T01:40:17.637492', 'temperature': 70.8}
2025-09-09 21:40:22 | INFO | Sent message to topic 'smoker_csv': {'timestamp': '2025-09-10T01:40:22.640034', 'temperature': 71.2}
2025-09-09 21:40:27 | INFO | Sent message to topic 'smoker_csv': {'timestamp': '2025-09-10T01:40:27.641955', 'temperature': 71.6}
2025-09-09 21:40:32 | INFO | Sent message to topic 'smoker_csv': {'timestamp': '2025-09-10T01:40:32.643709', 'temperature': 72.0}
2025-09-09 21:40:37 | INFO | Sent message to topic 'smoker_csv': {'timestamp': '2025-09-10T01:40:37.645201', 'temperature': 72.4}
2025-09-09 21:40:42 | INFO | Sent message to topic 'smoker_csv': {'timestamp': '2025-09-10T01:40:42.647179', 'temperature': 72.8}
2025-09-09 21:40:47 | INFO | Sent message to topic 'smoker_csv': {'timestamp': '2025-09-10T01:40:47.648771', 'temperature': 73.2}
2025-09-09 21:40:52 | INFO | Sent message to topic 'smoker_csv': {'timestamp': '2025-09-10T01:40:52.650313', 'temperature': 73.6}
2025-09-09 21:40:57 | INFO | Sent message to topic 'smoker_csv': {'timestamp': '2025-09-10T01:40:57.651658', 'temperature': 74.0}
2025-09-09 21:41:02 | INFO | Sent message to topic 'smoker_csv': {'timestamp': '2025-09-10T01:41:02.653208', 'temperature': 74.4}
2025-09-09 21:41:07 | INFO | Sent message to topic 'smoker_csv': {'timestamp': '2025-09-10T01:41:07.654239', 'temperature': 74.8}
2025-09-09 21:41:12 | INFO | Sent message to topic 'smoker_csv': {'timestamp': '2025-09-10T01:41:12.656277', 'temperature': 75.2}
2025-09-09 21:41:17 | INFO | Sent message to topic 'smoker_csv': {'timestamp': '2025-09-10T01:41:17.657317', 'temperature': 75.6}
2025-09-09 21:41:22 | INFO | Sent message to topic 'smoker_csv': {'timestamp': '2025-09-10T01:41:22.658646', 'temperature': 76.0}
2025-09-09 21:41:27 | INFO | Sent message to topic 'smoker_csv': {'timestamp': '2025-09-10T01:41:27.660196', 'temperature': 76.4}
2025-09-09 21:41:32 | INFO | Sent message to topic 'smoker_csv': {'timestamp': '2025-09-10T01:41:32.661602', 'temperature': 76.8}
2025-09-09 21:41:37 | INFO | Sent message to topic 'smoker_csv': {'timestamp': '2025-09-10T01:41:37.662857', 'temperature': 77.2}
2025-09-09 21:41:42 | INFO | Sent message to topic 'smoker_csv': {'timestamp': '2025-09-10T01:41:42.664513', 'temperature': 77.6}
2025-09-09 21:41:46 | INFO | Logging to file: logs/project_log.log
2025-09-09 21:41:46 | INFO | Log sanitization enabled, personal info removed
2025-09-09 21:41:46 | INFO | START consumer.
2025-09-09 21:41:46 | INFO | Kafka topic: smoker_csv
2025-09-09 21:41:46 | INFO | Kafka consumer group id: smoker_group
2025-09-09 21:41:46 | INFO | Rolling window size: 10
2025-09-09 21:41:46 | INFO | Consumer: Topic 'smoker_csv' and group 'smoker_group'...
2025-09-09 21:41:46 | INFO | Rolling window size: 10
2025-09-09 21:41:46 | INFO | Kafka broker address: localhost:9092
2025-09-09 21:41:46 | INFO | Creating Kafka consumer. Topic='smoker_csv' and group ID='smoker_group'.
2025-09-09 21:41:46 | INFO | Kafka consumer created successfully.
2025-09-09 21:41:46 | INFO | Polling messages from topic 'smoker_csv'...
2025-09-09 21:41:47 | INFO | Sent message to topic 'smoker_csv': {'timestamp': '2025-09-10T01:41:47.665811', 'temperature': 78.0}
2025-09-09 21:41:50 | INFO | Processed JSON message: {'timestamp': '2025-09-10T01:20:12.162120', 'temperature': 70.4}
2025-09-09 21:41:50 | INFO | Rolling window size: 10
2025-09-09 21:41:50 | INFO | Processed JSON message: {'timestamp': '2025-09-10T01:20:17.164157', 'temperature': 70.8}
2025-09-09 21:41:50 | INFO | Rolling window size: 10
2025-09-09 21:41:50 | INFO | Processed JSON message: {'timestamp': '2025-09-10T01:20:22.165811', 'temperature': 71.2}
2025-09-09 21:41:50 | INFO | Rolling window size: 10
2025-09-09 21:41:50 | INFO | Processed JSON message: {'timestamp': '2025-09-10T01:20:27.167139', 'temperature': 71.6}
2025-09-09 21:41:50 | INFO | Rolling window size: 10
2025-09-09 21:41:50 | INFO | Processed JSON message: {'timestamp': '2025-09-10T01:20:32.168772', 'temperature': 72.0}
2025-09-09 21:41:50 | INFO | Rolling window size: 10
2025-09-09 21:41:50 | INFO | Processed JSON message: {'timestamp': '2025-09-10T01:20:37.171129', 'temperature': 72.4}
2025-09-09 21:41:50 | INFO | Rolling window size: 10
2025-09-09 21:41:50 | INFO | Processed JSON message: {'timestamp': '2025-09-10T01:20:42.173417', 'temperature': 72.8}
2025-09-09 21:41:50 | INFO | Rolling window size: 10
2025-09-09 21:41:50 | INFO | Processed JSON message: {'timestamp': '2025-09-10T01:20:47.175599', 'temperature': 73.2}
2025-09-09 21:41:50 | INFO | Rolling window size: 10
2025-09-09 21:41:50 | INFO | Processed JSON message: {'timestamp': '2025-09-10T01:20:52.176943', 'temperature': 73.6}
2025-09-09 21:41:50 | INFO | Rolling window size: 10
2025-09-09 21:41:50 | INFO | Processed JSON message: {'timestamp': '2025-09-10T01:20:57.178766', 'temperature': 74.0}
2025-09-09 21:41:50 | INFO | Rolling window size: 10
2025-09-09 21:41:50 | INFO | Max stall temperature range: 0.2 F
2025-09-09 21:41:50 | INFO | Processed JSON message: {'timestamp': '2025-09-10T01:21:02.180066', 'temperature': 74.4}
2025-09-09 21:41:50 | INFO | Rolling window size: 10
2025-09-09 21:41:50 | INFO | Max stall temperature range: 0.2 F
2025-09-09 21:41:50 | INFO | Processed JSON message: {'timestamp': '2025-09-10T01:21:07.181692', 'temperature': 74.8}
2025-09-09 21:41:50 | INFO | Rolling window size: 10
2025-09-09 21:41:50 | INFO | Max stall temperature range: 0.2 F
2025-09-09 21:41:50 | INFO | Processed JSON message: {'timestamp': '2025-09-10T01:21:12.182636', 'temperature': 75.2}
2025-09-09 21:41:50 | INFO | Rolling window size: 10
2025-09-09 21:41:50 | INFO | Max stall temperature range: 0.2 F
2025-09-09 21:41:50 | INFO | Processed JSON message: {'timestamp': '2025-09-10T01:21:17.184092', 'temperature': 75.6}
2025-09-09 21:41:50 | INFO | Rolling window size: 10
2025-09-09 21:41:50 | INFO | Max stall temperature range: 0.2 F
2025-09-09 21:41:50 | INFO | Processed JSON message: {'timestamp': '2025-09-10T01:21:22.185500', 'temperature': 76.0}
2025-09-09 21:41:50 | INFO | Rolling window size: 10
2025-09-09 21:41:50 | INFO | Max stall temperature range: 0.2 F
2025-09-09 21:41:50 | INFO | Processed JSON message: {'timestamp': '2025-09-10T01:21:27.186598', 'temperature': 76.4}
2025-09-09 21:41:50 | INFO | Rolling window size: 10
2025-09-09 21:41:50 | INFO | Max stall temperature range: 0.2 F
2025-09-09 21:41:50 | INFO | Processed JSON message: {'timestamp': '2025-09-10T01:21:32.188006', 'temperature': 76.8}
2025-09-09 21:41:50 | INFO | Rolling window size: 10
2025-09-09 21:41:50 | INFO | Max stall temperature range: 0.2 F
2025-09-09 21:41:50 | INFO | Processed JSON message: {'timestamp': '2025-09-10T01:21:37.189463', 'temperature': 77.2}
2025-09-09 21:41:50 | INFO | Rolling window size: 10
2025-09-09 21:41:50 | INFO | Max stall temperature range: 0.2 F
2025-09-09 21:41:50 | INFO | Processed JSON message: {'timestamp': '2025-09-10T01:21:42.191567', 'temperature': 77.6}
2025-09-09 21:41:50 | INFO | Rolling window size: 10
2025-09-09 21:41:50 | INFO | Max stall temperature range: 0.2 F
2025-09-09 21:41:50 | INFO | Processed JSON message: {'timestamp': '2025-09-10T01:21:47.193148', 'temperature': 78.0}
2025-09-09 21:41:50 | INFO | Rolling window size: 10
2025-09-09 21:41:50 | INFO | Max stall temperature range: 0.2 F
2025-09-09 21:41:50 | INFO | Processed JSON message: {'timestamp': '2025-09-10T01:21:52.194875', 'temperature': 78.4}
2025-09-09 21:41:50 | INFO | Rolling window size: 10
2025-09-09 21:41:50 | INFO | Max stall temperature range: 0.2 F
2025-09-09 21:41:50 | INFO | Processed JSON message: {'timestamp': '2025-09-10T01:21:57.196278', 'temperature': 78.8}
2025-09-09 21:41:50 | INFO | Rolling window size: 10
2025-09-09 21:41:50 | INFO | Max stall temperature range: 0.2 F
2025-09-09 21:41:50 | INFO | Processed JSON message: {'timestamp': '2025-09-10T01:22:02.198099', 'temperature': 79.2}
2025-09-09 21:41:50 | INFO | Rolling window size: 10
2025-09-09 21:41:50 | INFO | Max stall temperature range: 0.2 F
2025-09-09 21:41:50 | INFO | Processed JSON message: {'timestamp': '2025-09-10T01:22:07.200367', 'temperature': 79.6}
2025-09-09 21:41:50 | INFO | Rolling window size: 10
2025-09-09 21:41:50 | INFO | Max stall temperature range: 0.2 F
2025-09-09 21:41:50 | INFO | Processed JSON message: {'timestamp': '2025-09-10T01:22:12.202051', 'temperature': 80.0}
2025-09-09 21:41:50 | INFO | Rolling window size: 10
2025-09-09 21:41:50 | INFO | Max stall temperature range: 0.2 F
2025-09-09 21:41:50 | INFO | Processed JSON message: {'timestamp': '2025-09-10T01:22:17.203839', 'temperature': 80.4}
2025-09-09 21:41:50 | INFO | Rolling window size: 10
2025-09-09 21:41:50 | INFO | Max stall temperature range: 0.2 F
2025-09-09 21:41:50 | INFO | Processed JSON message: {'timestamp': '2025-09-10T01:22:22.205868', 'temperature': 80.8}
2025-09-09 21:41:50 | INFO | Rolling window size: 10
2025-09-09 21:41:50 | INFO | Max stall temperature range: 0.2 F
2025-09-09 21:41:50 | INFO | Processed JSON message: {'timestamp': '2025-09-10T01:22:27.207878', 'temperature': 81.2}
2025-09-09 21:41:50 | INFO | Rolling window size: 10
2025-09-09 21:41:50 | INFO | Max stall temperature range: 0.2 F
2025-09-09 21:41:50 | INFO | Processed JSON message: {'timestamp': '2025-09-10T01:22:32.208810', 'temperature': 81.6}
2025-09-09 21:41:50 | INFO | Rolling window size: 10
2025-09-09 21:41:50 | INFO | Max stall temperature range: 0.2 F
2025-09-09 21:41:50 | INFO | Processed JSON message: {'timestamp': '2025-09-10T01:22:37.210475', 'temperature': 82.0}
2025-09-09 21:41:50 | INFO | Rolling window size: 10
2025-09-09 21:41:50 | INFO | Max stall temperature range: 0.2 F
2025-09-09 21:41:50 | INFO | Processed JSON message: {'timestamp': '2025-09-10T01:22:42.212781', 'temperature': 82.4}
2025-09-09 21:41:50 | INFO | Rolling window size: 10
2025-09-09 21:41:50 | INFO | Max stall temperature range: 0.2 F
2025-09-09 21:41:50 | INFO | Processed JSON message: {'timestamp': '2025-09-10T01:22:47.215075', 'temperature': 82.8}
2025-09-09 21:41:50 | INFO | Rolling window size: 10
2025-09-09 21:41:50 | INFO | Max stall temperature range: 0.2 F
2025-09-09 21:41:50 | INFO | Processed JSON message: {'timestamp': '2025-09-10T01:22:52.217353', 'temperature': 83.2}
2025-09-09 21:41:50 | INFO | Rolling window size: 10
2025-09-09 21:41:50 | INFO | Max stall temperature range: 0.2 F
2025-09-09 21:41:50 | INFO | Processed JSON message: {'timestamp': '2025-09-10T01:22:57.220993', 'temperature': 83.6}
2025-09-09 21:41:50 | INFO | Rolling window size: 10
2025-09-09 21:41:50 | INFO | Max stall temperature range: 0.2 F
2025-09-09 21:41:50 | INFO | Processed JSON message: {'timestamp': '2025-09-10T01:23:02.222897', 'temperature': 84.0}
2025-09-09 21:41:50 | INFO | Rolling window size: 10
2025-09-09 21:41:50 | INFO | Max stall temperature range: 0.2 F
2025-09-09 21:41:50 | INFO | Processed JSON message: {'timestamp': '2025-09-10T01:23:07.225909', 'temperature': 84.4}
2025-09-09 21:41:50 | INFO | Rolling window size: 10
2025-09-09 21:41:50 | INFO | Max stall temperature range: 0.2 F
2025-09-09 21:41:50 | INFO | Processed JSON message: {'timestamp': '2025-09-10T01:23:12.227603', 'temperature': 84.8}
2025-09-09 21:41:50 | INFO | Rolling window size: 10
2025-09-09 21:41:50 | INFO | Max stall temperature range: 0.2 F
2025-09-09 21:41:50 | INFO | Processed JSON message: {'timestamp': '2025-09-10T01:23:17.229887', 'temperature': 85.2}
2025-09-09 21:41:50 | INFO | Rolling window size: 10
2025-09-09 21:41:50 | INFO | Max stall temperature range: 0.2 F
2025-09-09 21:41:50 | INFO | Processed JSON message: {'timestamp': '2025-09-10T01:23:22.231410', 'temperature': 85.6}
2025-09-09 21:41:50 | INFO | Rolling window size: 10
2025-09-09 21:41:50 | INFO | Max stall temperature range: 0.2 F
2025-09-09 21:41:50 | INFO | Processed JSON message: {'timestamp': '2025-09-10T01:23:27.233744', 'temperature': 86.0}
2025-09-09 21:41:50 | INFO | Rolling window size: 10
2025-09-09 21:41:50 | INFO | Max stall temperature range: 0.2 F
2025-09-09 21:41:50 | INFO | Processed JSON message: {'timestamp': '2025-09-10T01:23:32.235882', 'temperature': 86.4}
2025-09-09 21:41:50 | INFO | Rolling window size: 10
2025-09-09 21:41:50 | INFO | Max stall temperature range: 0.2 F
2025-09-09 21:41:50 | INFO | Processed JSON message: {'timestamp': '2025-09-10T01:23:37.237537', 'temperature': 86.8}
2025-09-09 21:41:50 | INFO | Rolling window size: 10
2025-09-09 21:41:50 | INFO | Max stall temperature range: 0.2 F
2025-09-09 21:41:50 | INFO | Processed JSON message: {'timestamp': '2025-09-10T01:23:42.239485', 'temperature': 87.2}
2025-09-09 21:41:50 | INFO | Rolling window size: 10
2025-09-09 21:41:50 | INFO | Max stall temperature range: 0.2 F
2025-09-09 21:41:50 | INFO | Processed JSON message: {'timestamp': '2025-09-10T01:23:47.240783', 'temperature': 87.6}
2025-09-09 21:41:50 | INFO | Rolling window size: 10
2025-09-09 21:41:50 | INFO | Max stall temperature range: 0.2 F
2025-09-09 21:41:50 | INFO | Processed JSON message: {'timestamp': '2025-09-10T01:23:52.241968', 'temperature': 88.0}
2025-09-09 21:41:50 | INFO | Rolling window size: 10
2025-09-09 21:41:50 | INFO | Max stall temperature range: 0.2 F
2025-09-09 21:41:50 | INFO | Processed JSON message: {'timestamp': '2025-09-10T01:23:57.243831', 'temperature': 88.4}
2025-09-09 21:41:50 | INFO | Rolling window size: 10
2025-09-09 21:41:50 | INFO | Max stall temperature range: 0.2 F
2025-09-09 21:41:50 | INFO | Processed JSON message: {'timestamp': '2025-09-10T01:24:02.245204', 'temperature': 88.8}
2025-09-09 21:41:50 | INFO | Rolling window size: 10
2025-09-09 21:41:50 | INFO | Max stall temperature range: 0.2 F
2025-09-09 21:41:50 | INFO | Processed JSON message: {'timestamp': '2025-09-10T01:24:07.246920', 'temperature': 89.2}
2025-09-09 21:41:50 | INFO | Rolling window size: 10
2025-09-09 21:41:50 | INFO | Max stall temperature range: 0.2 F
2025-09-09 21:41:50 | INFO | Processed JSON message: {'timestamp': '2025-09-10T01:24:12.248102', 'temperature': 89.6}
2025-09-09 21:41:50 | INFO | Rolling window size: 10
2025-09-09 21:41:50 | INFO | Max stall temperature range: 0.2 F
2025-09-09 21:41:50 | INFO | Processed JSON message: {'timestamp': '2025-09-10T01:24:17.249599', 'temperature': 90.0}
2025-09-09 21:41:50 | INFO | Rolling window size: 10
2025-09-09 21:41:50 | INFO | Max stall temperature range: 0.2 F
2025-09-09 21:41:50 | INFO | Processed JSON message: {'timestamp': '2025-09-10T01:24:22.251901', 'temperature': 90.4}
2025-09-09 21:41:50 | INFO | Rolling window size: 10
2025-09-09 21:41:50 | INFO | Max stall temperature range: 0.2 F
2025-09-09 21:41:50 | INFO | Processed JSON message: {'timestamp': '2025-09-10T01:24:27.253581', 'temperature': 90.8}
2025-09-09 21:41:50 | INFO | Rolling window size: 10
2025-09-09 21:41:50 | INFO | Max stall temperature range: 0.2 F
2025-09-09 21:41:50 | INFO | Processed JSON message: {'timestamp': '2025-09-10T01:24:32.256906', 'temperature': 91.2}
2025-09-09 21:41:50 | INFO | Rolling window size: 10
2025-09-09 21:41:50 | INFO | Max stall temperature range: 0.2 F
2025-09-09 21:41:50 | INFO | Processed JSON message: {'timestamp': '2025-09-10T01:24:37.259315', 'temperature': 91.6}
2025-09-09 21:41:50 | INFO | Rolling window size: 10
2025-09-09 21:41:50 | INFO | Max stall temperature range: 0.2 F
2025-09-09 21:41:50 | INFO | Processed JSON message: {'timestamp': '2025-09-10T01:24:42.262906', 'temperature': 92.0}
2025-09-09 21:41:50 | INFO | Rolling window size: 10
2025-09-09 21:41:50 | INFO | Max stall temperature range: 0.2 F
2025-09-09 21:41:50 | INFO | Processed JSON message: {'timestamp': '2025-09-10T01:24:47.265356', 'temperature': 92.4}
2025-09-09 21:41:50 | INFO | Rolling window size: 10
2025-09-09 21:41:50 | INFO | Max stall temperature range: 0.2 F
2025-09-09 21:41:50 | INFO | Processed JSON message: {'timestamp': '2025-09-10T01:24:52.267054', 'temperature': 92.8}
2025-09-09 21:41:50 | INFO | Rolling window size: 10
2025-09-09 21:41:50 | INFO | Max stall temperature range: 0.2 F
2025-09-09 21:41:50 | INFO | Processed JSON message: {'timestamp': '2025-09-10T01:24:57.268976', 'temperature': 93.2}
2025-09-09 21:41:50 | INFO | Rolling window size: 10
2025-09-09 21:41:50 | INFO | Max stall temperature range: 0.2 F
2025-09-09 21:41:50 | INFO | Processed JSON message: {'timestamp': '2025-09-10T01:25:02.271110', 'temperature': 93.6}
2025-09-09 21:41:50 | INFO | Rolling window size: 10
2025-09-09 21:41:50 | INFO | Max stall temperature range: 0.2 F
2025-09-09 21:41:50 | INFO | Processed JSON message: {'timestamp': '2025-09-10T01:25:07.273224', 'temperature': 94.0}
2025-09-09 21:41:50 | INFO | Rolling window size: 10
2025-09-09 21:41:50 | INFO | Max stall temperature range: 0.2 F
2025-09-09 21:41:50 | INFO | Processed JSON message: {'timestamp': '2025-09-10T01:25:12.275625', 'temperature': 94.4}
2025-09-09 21:41:50 | INFO | Rolling window size: 10
2025-09-09 21:41:50 | INFO | Max stall temperature range: 0.2 F
2025-09-09 21:41:50 | INFO | Processed JSON message: {'timestamp': '2025-09-10T01:25:17.277316', 'temperature': 94.8}
2025-09-09 21:41:50 | INFO | Rolling window size: 10
2025-09-09 21:41:50 | INFO | Max stall temperature range: 0.2 F
2025-09-09 21:41:50 | INFO | Processed JSON message: {'timestamp': '2025-09-10T01:25:22.278862', 'temperature': 95.2}
2025-09-09 21:41:50 | INFO | Rolling window size: 10
2025-09-09 21:41:50 | INFO | Max stall temperature range: 0.2 F
2025-09-09 21:41:50 | INFO | Processed JSON message: {'timestamp': '2025-09-10T01:25:27.281033', 'temperature': 95.6}
2025-09-09 21:41:50 | INFO | Rolling window size: 10
2025-09-09 21:41:50 | INFO | Max stall temperature range: 0.2 F
2025-09-09 21:41:50 | INFO | Processed JSON message: {'timestamp': '2025-09-10T01:25:32.283304', 'temperature': 96.0}
2025-09-09 21:41:50 | INFO | Rolling window size: 10
2025-09-09 21:41:50 | INFO | Max stall temperature range: 0.2 F
2025-09-09 21:41:50 | INFO | Processed JSON message: {'timestamp': '2025-09-10T01:25:37.285708', 'temperature': 96.4}
2025-09-09 21:41:50 | INFO | Rolling window size: 10
2025-09-09 21:41:50 | INFO | Max stall temperature range: 0.2 F
2025-09-09 21:41:50 | INFO | Processed JSON message: {'timestamp': '2025-09-10T01:25:42.287948', 'temperature': 96.8}
2025-09-09 21:41:50 | INFO | Rolling window size: 10
2025-09-09 21:41:50 | INFO | Max stall temperature range: 0.2 F
2025-09-09 21:41:50 | INFO | Processed JSON message: {'timestamp': '2025-09-10T01:25:47.289670', 'temperature': 97.2}
2025-09-09 21:41:50 | INFO | Rolling window size: 10
2025-09-09 21:41:50 | INFO | Max stall temperature range: 0.2 F
2025-09-09 21:41:50 | INFO | Processed JSON message: {'timestamp': '2025-09-10T01:25:52.291428', 'temperature': 97.6}
2025-09-09 21:41:50 | INFO | Rolling window size: 10
2025-09-09 21:41:50 | INFO | Max stall temperature range: 0.2 F
2025-09-09 21:41:50 | INFO | Processed JSON message: {'timestamp': '2025-09-10T01:25:57.293954', 'temperature': 98.0}
2025-09-09 21:41:50 | INFO | Rolling window size: 10
2025-09-09 21:41:50 | INFO | Max stall temperature range: 0.2 F
2025-09-09 21:41:50 | INFO | Processed JSON message: {'timestamp': '2025-09-10T01:26:02.295286', 'temperature': 98.4}
2025-09-09 21:41:50 | INFO | Rolling window size: 10
2025-09-09 21:41:50 | INFO | Max stall temperature range: 0.2 F
2025-09-09 21:41:50 | INFO | Processed JSON message: {'timestamp': '2025-09-10T01:26:07.297257', 'temperature': 98.8}
2025-09-09 21:41:50 | INFO | Rolling window size: 10
2025-09-09 21:41:50 | INFO | Max stall temperature range: 0.2 F
2025-09-09 21:41:50 | INFO | Processed JSON message: {'timestamp': '2025-09-10T01:26:12.299672', 'temperature': 99.2}
2025-09-09 21:41:50 | INFO | Rolling window size: 10
2025-09-09 21:41:50 | INFO | Max stall temperature range: 0.2 F
2025-09-09 21:41:50 | INFO | Processed JSON message: {'timestamp': '2025-09-10T01:26:17.301239', 'temperature': 99.6}
2025-09-09 21:41:50 | INFO | Rolling window size: 10
2025-09-09 21:41:50 | INFO | Max stall temperature range: 0.2 F
2025-09-09 21:41:50 | INFO | Processed JSON message: {'timestamp': '2025-09-10T01:26:22.303486', 'temperature': 100.0}
2025-09-09 21:41:50 | INFO | Rolling window size: 10
2025-09-09 21:41:50 | INFO | Max stall temperature range: 0.2 F
2025-09-09 21:41:50 | INFO | Processed JSON message: {'timestamp': '2025-09-10T01:26:27.304286', 'temperature': 100.4}
2025-09-09 21:41:50 | INFO | Rolling window size: 10
2025-09-09 21:41:50 | INFO | Max stall temperature range: 0.2 F
2025-09-09 21:41:50 | INFO | Processed JSON message: {'timestamp': '2025-09-10T01:26:32.307493', 'temperature': 100.8}
2025-09-09 21:41:50 | INFO | Rolling window size: 10
2025-09-09 21:41:50 | INFO | Max stall temperature range: 0.2 F
2025-09-09 21:41:50 | INFO | Processed JSON message: {'timestamp': '2025-09-10T01:26:37.309118', 'temperature': 101.2}
2025-09-09 21:41:50 | INFO | Rolling window size: 10
2025-09-09 21:41:50 | INFO | Max stall temperature range: 0.2 F
2025-09-09 21:41:50 | INFO | Processed JSON message: {'timestamp': '2025-09-10T01:26:42.311366', 'temperature': 101.6}
2025-09-09 21:41:50 | INFO | Rolling window size: 10
2025-09-09 21:41:50 | INFO | Max stall temperature range: 0.2 F
2025-09-09 21:41:50 | INFO | Processed JSON message: {'timestamp': '2025-09-10T01:26:47.313135', 'temperature': 102.0}
2025-09-09 21:41:50 | INFO | Rolling window size: 10
2025-09-09 21:41:50 | INFO | Max stall temperature range: 0.2 F
2025-09-09 21:41:50 | INFO | Processed JSON message: {'timestamp': '2025-09-10T01:26:52.315288', 'temperature': 102.4}
2025-09-09 21:41:50 | INFO | Rolling window size: 10
2025-09-09 21:41:50 | INFO | Max stall temperature range: 0.2 F
2025-09-09 21:41:50 | INFO | Processed JSON message: {'timestamp': '2025-09-10T01:26:57.316275', 'temperature': 102.8}
2025-09-09 21:41:50 | INFO | Rolling window size: 10
2025-09-09 21:41:50 | INFO | Max stall temperature range: 0.2 F
2025-09-09 21:41:50 | INFO | Processed JSON message: {'timestamp': '2025-09-10T01:27:02.318812', 'temperature': 103.2}
2025-09-09 21:41:50 | INFO | Rolling window size: 10
2025-09-09 21:41:50 | INFO | Max stall temperature range: 0.2 F
2025-09-09 21:41:50 | INFO | Processed JSON message: {'timestamp': '2025-09-10T01:27:07.320202', 'temperature': 103.6}
2025-09-09 21:41:50 | INFO | Rolling window size: 10
2025-09-09 21:41:50 | INFO | Max stall temperature range: 0.2 F
2025-09-09 21:41:50 | INFO | Processed JSON message: {'timestamp': '2025-09-10T01:27:12.322212', 'temperature': 104.0}
2025-09-09 21:41:50 | INFO | Rolling window size: 10
2025-09-09 21:41:50 | INFO | Max stall temperature range: 0.2 F
2025-09-09 21:41:50 | INFO | Processed JSON message: {'timestamp': '2025-09-10T01:27:17.324911', 'temperature': 104.4}
2025-09-09 21:41:50 | INFO | Rolling window size: 10
2025-09-09 21:41:50 | INFO | Max stall temperature range: 0.2 F
2025-09-09 21:41:50 | INFO | Processed JSON message: {'timestamp': '2025-09-10T01:27:22.327810', 'temperature': 104.8}
2025-09-09 21:41:50 | INFO | Rolling window size: 10
2025-09-09 21:41:50 | INFO | Max stall temperature range: 0.2 F
2025-09-09 21:41:50 | INFO | Processed JSON message: {'timestamp': '2025-09-10T01:27:27.330651', 'temperature': 105.2}
2025-09-09 21:41:50 | INFO | Rolling window size: 10
2025-09-09 21:41:50 | INFO | Max stall temperature range: 0.2 F
2025-09-09 21:41:50 | INFO | Processed JSON message: {'timestamp': '2025-09-10T01:27:32.331855', 'temperature': 105.6}
2025-09-09 21:41:50 | INFO | Rolling window size: 10
2025-09-09 21:41:50 | INFO | Max stall temperature range: 0.2 F
2025-09-09 21:41:50 | INFO | Processed JSON message: {'timestamp': '2025-09-10T01:27:37.333364', 'temperature': 106.0}
2025-09-09 21:41:50 | INFO | Rolling window size: 10
2025-09-09 21:41:50 | INFO | Max stall temperature range: 0.2 F
2025-09-09 21:41:50 | INFO | Processed JSON message: {'timestamp': '2025-09-10T01:27:42.335192', 'temperature': 106.4}
2025-09-09 21:41:50 | INFO | Rolling window size: 10
2025-09-09 21:41:50 | INFO | Max stall temperature range: 0.2 F
2025-09-09 21:41:50 | INFO | Processed JSON message: {'timestamp': '2025-09-10T01:27:47.337633', 'temperature': 106.8}
2025-09-09 21:41:50 | INFO | Rolling window size: 10
2025-09-09 21:41:50 | INFO | Max stall temperature range: 0.2 F
2025-09-09 21:41:50 | INFO | Processed JSON message: {'timestamp': '2025-09-10T01:27:52.339790', 'temperature': 107.2}
2025-09-09 21:41:50 | INFO | Rolling window size: 10
2025-09-09 21:41:50 | INFO | Max stall temperature range: 0.2 F
2025-09-09 21:41:50 | INFO | Processed JSON message: {'timestamp': '2025-09-10T01:27:57.341410', 'temperature': 107.6}
2025-09-09 21:41:50 | INFO | Rolling window size: 10
2025-09-09 21:41:50 | INFO | Max stall temperature range: 0.2 F
2025-09-09 21:41:50 | INFO | Processed JSON message: {'timestamp': '2025-09-10T01:28:02.343511', 'temperature': 108.0}
2025-09-09 21:41:50 | INFO | Rolling window size: 10
2025-09-09 21:41:50 | INFO | Max stall temperature range: 0.2 F
2025-09-09 21:41:50 | INFO | Processed JSON message: {'timestamp': '2025-09-10T01:28:07.344839', 'temperature': 108.4}
2025-09-09 21:41:50 | INFO | Rolling window size: 10
2025-09-09 21:41:50 | INFO | Max stall temperature range: 0.2 F
2025-09-09 21:41:50 | INFO | Processed JSON message: {'timestamp': '2025-09-10T01:28:12.346587', 'temperature': 108.8}
2025-09-09 21:41:50 | INFO | Rolling window size: 10
2025-09-09 21:41:50 | INFO | Max stall temperature range: 0.2 F
2025-09-09 21:41:50 | INFO | Processed JSON message: {'timestamp': '2025-09-10T01:28:17.349128', 'temperature': 109.2}
2025-09-09 21:41:50 | INFO | Rolling window size: 10
2025-09-09 21:41:50 | INFO | Max stall temperature range: 0.2 F
2025-09-09 21:41:50 | INFO | Processed JSON message: {'timestamp': '2025-09-10T01:28:22.350413', 'temperature': 109.6}
2025-09-09 21:41:50 | INFO | Rolling window size: 10
2025-09-09 21:41:50 | INFO | Max stall temperature range: 0.2 F
2025-09-09 21:41:50 | INFO | Processed JSON message: {'timestamp': '2025-09-10T01:28:27.352290', 'temperature': 110.0}
2025-09-09 21:41:50 | INFO | Rolling window size: 10
2025-09-09 21:41:50 | INFO | Max stall temperature range: 0.2 F
2025-09-09 21:41:50 | INFO | Processed JSON message: {'timestamp': '2025-09-10T01:28:32.354575', 'temperature': 110.4}
2025-09-09 21:41:50 | INFO | Rolling window size: 10
2025-09-09 21:41:50 | INFO | Max stall temperature range: 0.2 F
2025-09-09 21:41:50 | INFO | Processed JSON message: {'timestamp': '2025-09-10T01:28:37.356656', 'temperature': 110.8}
2025-09-09 21:41:50 | INFO | Rolling window size: 10
2025-09-09 21:41:50 | INFO | Max stall temperature range: 0.2 F
2025-09-09 21:41:50 | INFO | Processed JSON message: {'timestamp': '2025-09-10T01:28:42.358588', 'temperature': 111.2}
2025-09-09 21:41:50 | INFO | Rolling window size: 10
2025-09-09 21:41:50 | INFO | Max stall temperature range: 0.2 F
2025-09-09 21:41:50 | INFO | Processed JSON message: {'timestamp': '2025-09-10T01:28:47.360764', 'temperature': 111.6}
2025-09-09 21:41:50 | INFO | Rolling window size: 10
2025-09-09 21:41:50 | INFO | Max stall temperature range: 0.2 F
2025-09-09 21:41:50 | INFO | Processed JSON message: {'timestamp': '2025-09-10T01:28:52.362779', 'temperature': 112.0}
2025-09-09 21:41:50 | INFO | Rolling window size: 10
2025-09-09 21:41:50 | INFO | Max stall temperature range: 0.2 F
2025-09-09 21:41:50 | INFO | Processed JSON message: {'timestamp': '2025-09-10T01:28:57.364955', 'temperature': 112.4}
2025-09-09 21:41:50 | INFO | Rolling window size: 10
2025-09-09 21:41:50 | INFO | Max stall temperature range: 0.2 F
2025-09-09 21:41:50 | INFO | Processed JSON message: {'timestamp': '2025-09-10T01:29:02.367442', 'temperature': 112.8}
2025-09-09 21:41:50 | INFO | Rolling window size: 10
2025-09-09 21:41:50 | INFO | Max stall temperature range: 0.2 F
2025-09-09 21:41:50 | INFO | Processed JSON message: {'timestamp': '2025-09-10T01:29:07.369359', 'temperature': 113.2}
2025-09-09 21:41:50 | INFO | Rolling window size: 10
2025-09-09 21:41:50 | INFO | Max stall temperature range: 0.2 F
2025-09-09 21:41:50 | INFO | Processed JSON message: {'timestamp': '2025-09-10T01:29:12.371835', 'temperature': 113.6}
2025-09-09 21:41:50 | INFO | Rolling window size: 10
2025-09-09 21:41:50 | INFO | Max stall temperature range: 0.2 F
2025-09-09 21:41:50 | INFO | Processed JSON message: {'timestamp': '2025-09-10T01:29:17.373458', 'temperature': 114.0}
2025-09-09 21:41:50 | INFO | Rolling window size: 10
2025-09-09 21:41:50 | INFO | Max stall temperature range: 0.2 F
2025-09-09 21:41:50 | INFO | Processed JSON message: {'timestamp': '2025-09-10T01:29:22.375296', 'temperature': 114.4}
2025-09-09 21:41:50 | INFO | Rolling window size: 10
2025-09-09 21:41:50 | INFO | Max stall temperature range: 0.2 F
2025-09-09 21:41:50 | INFO | Processed JSON message: {'timestamp': '2025-09-10T01:29:27.377103', 'temperature': 114.8}
2025-09-09 21:41:50 | INFO | Rolling window size: 10
2025-09-09 21:41:50 | INFO | Max stall temperature range: 0.2 F
2025-09-09 21:41:50 | INFO | Processed JSON message: {'timestamp': '2025-09-10T01:29:32.379446', 'temperature': 115.2}
2025-09-09 21:41:50 | INFO | Rolling window size: 10
2025-09-09 21:41:50 | INFO | Max stall temperature range: 0.2 F
2025-09-09 21:41:50 | INFO | Processed JSON message: {'timestamp': '2025-09-10T01:29:37.381448', 'temperature': 115.6}
2025-09-09 21:41:50 | INFO | Rolling window size: 10
2025-09-09 21:41:50 | INFO | Max stall temperature range: 0.2 F
2025-09-09 21:41:50 | INFO | Processed JSON message: {'timestamp': '2025-09-10T01:29:42.383607', 'temperature': 116.0}
2025-09-09 21:41:50 | INFO | Rolling window size: 10
2025-09-09 21:41:50 | INFO | Max stall temperature range: 0.2 F
2025-09-09 21:41:50 | INFO | Processed JSON message: {'timestamp': '2025-09-10T01:29:47.385608', 'temperature': 116.4}
2025-09-09 21:41:50 | INFO | Rolling window size: 10
2025-09-09 21:41:50 | INFO | Max stall temperature range: 0.2 F
2025-09-09 21:41:50 | INFO | Processed JSON message: {'timestamp': '2025-09-10T01:29:52.387427', 'temperature': 116.8}
2025-09-09 21:41:50 | INFO | Rolling window size: 10
2025-09-09 21:41:50 | INFO | Max stall temperature range: 0.2 F
2025-09-09 21:41:50 | INFO | Processed JSON message: {'timestamp': '2025-09-10T01:29:57.389525', 'temperature': 117.2}
2025-09-09 21:41:50 | INFO | Rolling window size: 10
2025-09-09 21:41:50 | INFO | Max stall temperature range: 0.2 F
2025-09-09 21:41:50 | INFO | Processed JSON message: {'timestamp': '2025-09-10T01:30:02.390980', 'temperature': 117.6}
2025-09-09 21:41:50 | INFO | Rolling window size: 10
2025-09-09 21:41:50 | INFO | Max stall temperature range: 0.2 F
2025-09-09 21:41:50 | INFO | Processed JSON message: {'timestamp': '2025-09-10T01:30:07.393706', 'temperature': 118.0}
2025-09-09 21:41:50 | INFO | Rolling window size: 10
2025-09-09 21:41:50 | INFO | Max stall temperature range: 0.2 F
2025-09-09 21:41:50 | INFO | Processed JSON message: {'timestamp': '2025-09-10T01:30:12.396606', 'temperature': 118.4}
2025-09-09 21:41:50 | INFO | Rolling window size: 10
2025-09-09 21:41:50 | INFO | Max stall temperature range: 0.2 F
2025-09-09 21:41:50 | INFO | Processed JSON message: {'timestamp': '2025-09-10T01:30:17.398625', 'temperature': 118.8}
2025-09-09 21:41:50 | INFO | Rolling window size: 10
2025-09-09 21:41:50 | INFO | Max stall temperature range: 0.2 F
2025-09-09 21:41:50 | INFO | Processed JSON message: {'timestamp': '2025-09-10T01:30:22.400310', 'temperature': 119.2}
2025-09-09 21:41:50 | INFO | Rolling window size: 10
2025-09-09 21:41:50 | INFO | Max stall temperature range: 0.2 F
2025-09-09 21:41:50 | INFO | Processed JSON message: {'timestamp': '2025-09-10T01:30:27.402060', 'temperature': 119.6}
2025-09-09 21:41:50 | INFO | Rolling window size: 10
2025-09-09 21:41:50 | INFO | Max stall temperature range: 0.2 F
2025-09-09 21:41:50 | INFO | Processed JSON message: {'timestamp': '2025-09-10T01:30:32.404217', 'temperature': 120.0}
2025-09-09 21:41:50 | INFO | Rolling window size: 10
2025-09-09 21:41:50 | INFO | Max stall temperature range: 0.2 F
2025-09-09 21:41:50 | INFO | Processed JSON message: {'timestamp': '2025-09-10T01:30:37.406827', 'temperature': 120.4}
2025-09-09 21:41:50 | INFO | Rolling window size: 10
2025-09-09 21:41:50 | INFO | Max stall temperature range: 0.2 F
2025-09-09 21:41:50 | INFO | Processed JSON message: {'timestamp': '2025-09-10T01:30:42.409628', 'temperature': 120.8}
2025-09-09 21:41:50 | INFO | Rolling window size: 10
2025-09-09 21:41:50 | INFO | Max stall temperature range: 0.2 F
2025-09-09 21:41:50 | INFO | Processed JSON message: {'timestamp': '2025-09-10T01:30:47.411327', 'temperature': 121.2}
2025-09-09 21:41:50 | INFO | Rolling window size: 10
2025-09-09 21:41:50 | INFO | Max stall temperature range: 0.2 F
2025-09-09 21:41:50 | INFO | Processed JSON message: {'timestamp': '2025-09-10T01:30:52.413201', 'temperature': 121.6}
2025-09-09 21:41:50 | INFO | Rolling window size: 10
2025-09-09 21:41:50 | INFO | Max stall temperature range: 0.2 F
2025-09-09 21:41:50 | INFO | Processed JSON message: {'timestamp': '2025-09-10T01:30:57.415467', 'temperature': 122.0}
2025-09-09 21:41:50 | INFO | Rolling window size: 10
2025-09-09 21:41:50 | INFO | Max stall temperature range: 0.2 F
2025-09-09 21:41:50 | INFO | Processed JSON message: {'timestamp': '2025-09-10T01:31:02.418225', 'temperature': 122.4}
2025-09-09 21:41:50 | INFO | Rolling window size: 10
2025-09-09 21:41:50 | INFO | Max stall temperature range: 0.2 F
2025-09-09 21:41:50 | INFO | Processed JSON message: {'timestamp': '2025-09-10T01:31:07.420264', 'temperature': 122.8}
2025-09-09 21:41:50 | INFO | Rolling window size: 10
2025-09-09 21:41:50 | INFO | Max stall temperature range: 0.2 F
2025-09-09 21:41:50 | INFO | Processed JSON message: {'timestamp': '2025-09-10T01:31:12.422503', 'temperature': 123.2}
2025-09-09 21:41:50 | INFO | Rolling window size: 10
2025-09-09 21:41:50 | INFO | Max stall temperature range: 0.2 F
2025-09-09 21:41:50 | INFO | Processed JSON message: {'timestamp': '2025-09-10T01:31:17.424277', 'temperature': 123.6}
2025-09-09 21:41:50 | INFO | Rolling window size: 10
2025-09-09 21:41:50 | INFO | Max stall temperature range: 0.2 F
2025-09-09 21:41:50 | INFO | Processed JSON message: {'timestamp': '2025-09-10T01:31:22.425996', 'temperature': 124.0}
2025-09-09 21:41:50 | INFO | Rolling window size: 10
2025-09-09 21:41:50 | INFO | Max stall temperature range: 0.2 F
2025-09-09 21:41:50 | INFO | Processed JSON message: {'timestamp': '2025-09-10T01:31:27.427456', 'temperature': 124.4}
2025-09-09 21:41:50 | INFO | Rolling window size: 10
2025-09-09 21:41:50 | INFO | Max stall temperature range: 0.2 F
2025-09-09 21:41:50 | INFO | Processed JSON message: {'timestamp': '2025-09-10T01:31:32.429768', 'temperature': 124.8}
2025-09-09 21:41:50 | INFO | Rolling window size: 10
2025-09-09 21:41:50 | INFO | Max stall temperature range: 0.2 F
2025-09-09 21:41:50 | INFO | Processed JSON message: {'timestamp': '2025-09-10T01:31:37.431922', 'temperature': 125.2}
2025-09-09 21:41:50 | INFO | Rolling window size: 10
2025-09-09 21:41:50 | INFO | Max stall temperature range: 0.2 F
2025-09-09 21:41:50 | INFO | Processed JSON message: {'timestamp': '2025-09-10T01:31:42.433504', 'temperature': 125.6}
2025-09-09 21:41:50 | INFO | Rolling window size: 10
2025-09-09 21:41:50 | INFO | Max stall temperature range: 0.2 F
2025-09-09 21:41:50 | INFO | Processed JSON message: {'timestamp': '2025-09-10T01:31:47.435323', 'temperature': 126.0}
2025-09-09 21:41:50 | INFO | Rolling window size: 10
2025-09-09 21:41:50 | INFO | Max stall temperature range: 0.2 F
2025-09-09 21:41:50 | INFO | Processed JSON message: {'timestamp': '2025-09-10T01:31:52.436403', 'temperature': 126.4}
2025-09-09 21:41:50 | INFO | Rolling window size: 10
2025-09-09 21:41:50 | INFO | Max stall temperature range: 0.2 F
2025-09-09 21:41:50 | INFO | Processed JSON message: {'timestamp': '2025-09-10T01:31:57.437857', 'temperature': 126.8}
2025-09-09 21:41:50 | INFO | Rolling window size: 10
2025-09-09 21:41:50 | INFO | Max stall temperature range: 0.2 F
2025-09-09 21:41:50 | INFO | Processed JSON message: {'timestamp': '2025-09-10T01:32:02.439783', 'temperature': 127.2}
2025-09-09 21:41:50 | INFO | Rolling window size: 10
2025-09-09 21:41:50 | INFO | Max stall temperature range: 0.2 F
2025-09-09 21:41:50 | INFO | Processed JSON message: {'timestamp': '2025-09-10T01:32:07.441143', 'temperature': 127.6}
2025-09-09 21:41:50 | INFO | Rolling window size: 10
2025-09-09 21:41:50 | INFO | Max stall temperature range: 0.2 F
2025-09-09 21:41:50 | INFO | Processed JSON message: {'timestamp': '2025-09-10T01:32:12.443152', 'temperature': 128.0}
2025-09-09 21:41:50 | INFO | Rolling window size: 10
2025-09-09 21:41:50 | INFO | Max stall temperature range: 0.2 F
2025-09-09 21:41:50 | INFO | Processed JSON message: {'timestamp': '2025-09-10T01:32:17.444982', 'temperature': 128.4}
2025-09-09 21:41:50 | INFO | Rolling window size: 10
2025-09-09 21:41:50 | INFO | Max stall temperature range: 0.2 F
2025-09-09 21:41:50 | INFO | Processed JSON message: {'timestamp': '2025-09-10T01:32:22.446434', 'temperature': 128.8}
2025-09-09 21:41:50 | INFO | Rolling window size: 10
2025-09-09 21:41:50 | INFO | Max stall temperature range: 0.2 F
2025-09-09 21:41:50 | INFO | Processed JSON message: {'timestamp': '2025-09-10T01:32:27.448440', 'temperature': 129.2}
2025-09-09 21:41:50 | INFO | Rolling window size: 10
2025-09-09 21:41:50 | INFO | Max stall temperature range: 0.2 F
2025-09-09 21:41:50 | INFO | Processed JSON message: {'timestamp': '2025-09-10T01:32:32.450493', 'temperature': 129.6}
2025-09-09 21:41:50 | INFO | Rolling window size: 10
2025-09-09 21:41:50 | INFO | Max stall temperature range: 0.2 F
2025-09-09 21:41:50 | INFO | Processed JSON message: {'timestamp': '2025-09-10T01:32:37.451519', 'temperature': 130.0}
2025-09-09 21:41:50 | INFO | Rolling window size: 10
2025-09-09 21:41:50 | INFO | Max stall temperature range: 0.2 F
2025-09-09 21:41:50 | INFO | Processed JSON message: {'timestamp': '2025-09-10T01:32:42.452371', 'temperature': 130.4}
2025-09-09 21:41:50 | INFO | Rolling window size: 10
2025-09-09 21:41:50 | INFO | Max stall temperature range: 0.2 F
2025-09-09 21:41:50 | INFO | Processed JSON message: {'timestamp': '2025-09-10T01:32:47.455206', 'temperature': 130.8}
2025-09-09 21:41:50 | INFO | Rolling window size: 10
2025-09-09 21:41:50 | INFO | Max stall temperature range: 0.2 F
2025-09-09 21:41:50 | INFO | Processed JSON message: {'timestamp': '2025-09-10T01:32:52.456719', 'temperature': 131.2}
2025-09-09 21:41:50 | INFO | Rolling window size: 10
2025-09-09 21:41:50 | INFO | Max stall temperature range: 0.2 F
2025-09-09 21:41:50 | INFO | Processed JSON message: {'timestamp': '2025-09-10T01:32:57.458465', 'temperature': 131.6}
2025-09-09 21:41:50 | INFO | Rolling window size: 10
2025-09-09 21:41:50 | INFO | Max stall temperature range: 0.2 F
2025-09-09 21:41:50 | INFO | Processed JSON message: {'timestamp': '2025-09-10T01:33:02.459869', 'temperature': 132.0}
2025-09-09 21:41:50 | INFO | Rolling window size: 10
2025-09-09 21:41:50 | INFO | Max stall temperature range: 0.2 F
2025-09-09 21:41:50 | INFO | Processed JSON message: {'timestamp': '2025-09-10T01:33:07.461861', 'temperature': 132.4}
2025-09-09 21:41:50 | INFO | Rolling window size: 10
2025-09-09 21:41:50 | INFO | Max stall temperature range: 0.2 F
2025-09-09 21:41:50 | INFO | Processed JSON message: {'timestamp': '2025-09-10T01:33:12.463969', 'temperature': 132.8}
2025-09-09 21:41:50 | INFO | Rolling window size: 10
2025-09-09 21:41:50 | INFO | Max stall temperature range: 0.2 F
2025-09-09 21:41:50 | INFO | Processed JSON message: {'timestamp': '2025-09-10T01:33:17.466022', 'temperature': 133.2}
2025-09-09 21:41:50 | INFO | Rolling window size: 10
2025-09-09 21:41:50 | INFO | Max stall temperature range: 0.2 F
2025-09-09 21:41:50 | INFO | Processed JSON message: {'timestamp': '2025-09-10T01:33:22.468313', 'temperature': 133.6}
2025-09-09 21:41:50 | INFO | Rolling window size: 10
2025-09-09 21:41:50 | INFO | Max stall temperature range: 0.2 F
2025-09-09 21:41:50 | INFO | Processed JSON message: {'timestamp': '2025-09-10T01:33:27.469982', 'temperature': 134.0}
2025-09-09 21:41:50 | INFO | Rolling window size: 10
2025-09-09 21:41:50 | INFO | Max stall temperature range: 0.2 F
2025-09-09 21:41:50 | INFO | Processed JSON message: {'timestamp': '2025-09-10T01:33:32.472173', 'temperature': 134.4}
2025-09-09 21:41:50 | INFO | Rolling window size: 10
2025-09-09 21:41:50 | INFO | Max stall temperature range: 0.2 F
2025-09-09 21:41:50 | INFO | Processed JSON message: {'timestamp': '2025-09-10T01:33:37.474759', 'temperature': 134.8}
2025-09-09 21:41:50 | INFO | Rolling window size: 10
2025-09-09 21:41:50 | INFO | Max stall temperature range: 0.2 F
2025-09-09 21:41:50 | INFO | Processed JSON message: {'timestamp': '2025-09-10T01:33:42.476674', 'temperature': 135.2}
2025-09-09 21:41:50 | INFO | Rolling window size: 10
2025-09-09 21:41:50 | INFO | Max stall temperature range: 0.2 F
2025-09-09 21:41:50 | INFO | Processed JSON message: {'timestamp': '2025-09-10T01:33:47.478060', 'temperature': 135.6}
2025-09-09 21:41:50 | INFO | Rolling window size: 10
2025-09-09 21:41:50 | INFO | Max stall temperature range: 0.2 F
2025-09-09 21:41:50 | INFO | Processed JSON message: {'timestamp': '2025-09-10T01:33:52.481027', 'temperature': 136.0}
2025-09-09 21:41:50 | INFO | Rolling window size: 10
2025-09-09 21:41:50 | INFO | Max stall temperature range: 0.2 F
2025-09-09 21:41:50 | INFO | Processed JSON message: {'timestamp': '2025-09-10T01:33:57.482180', 'temperature': 136.4}
2025-09-09 21:41:50 | INFO | Rolling window size: 10
2025-09-09 21:41:50 | INFO | Max stall temperature range: 0.2 F
2025-09-09 21:41:50 | INFO | Processed JSON message: {'timestamp': '2025-09-10T01:34:02.484092', 'temperature': 136.8}
2025-09-09 21:41:50 | INFO | Rolling window size: 10
2025-09-09 21:41:50 | INFO | Max stall temperature range: 0.2 F
2025-09-09 21:41:50 | INFO | Processed JSON message: {'timestamp': '2025-09-10T01:34:07.485751', 'temperature': 137.2}
2025-09-09 21:41:50 | INFO | Rolling window size: 10
2025-09-09 21:41:50 | INFO | Max stall temperature range: 0.2 F
2025-09-09 21:41:50 | INFO | Processed JSON message: {'timestamp': '2025-09-10T01:34:12.488317', 'temperature': 137.6}
2025-09-09 21:41:50 | INFO | Rolling window size: 10
2025-09-09 21:41:50 | INFO | Max stall temperature range: 0.2 F
2025-09-09 21:41:50 | INFO | Processed JSON message: {'timestamp': '2025-09-10T01:34:17.490822', 'temperature': 138.0}
2025-09-09 21:41:50 | INFO | Rolling window size: 10
2025-09-09 21:41:50 | INFO | Max stall temperature range: 0.2 F
2025-09-09 21:41:50 | INFO | Processed JSON message: {'timestamp': '2025-09-10T01:34:22.491720', 'temperature': 138.4}
2025-09-09 21:41:50 | INFO | Rolling window size: 10
2025-09-09 21:41:50 | INFO | Max stall temperature range: 0.2 F
2025-09-09 21:41:50 | INFO | Processed JSON message: {'timestamp': '2025-09-10T01:34:27.494345', 'temperature': 138.8}
2025-09-09 21:41:50 | INFO | Rolling window size: 10
2025-09-09 21:41:50 | INFO | Max stall temperature range: 0.2 F
2025-09-09 21:41:50 | INFO | Processed JSON message: {'timestamp': '2025-09-10T01:34:32.496658', 'temperature': 139.2}
2025-09-09 21:41:50 | INFO | Rolling window size: 10
2025-09-09 21:41:50 | INFO | Max stall temperature range: 0.2 F
2025-09-09 21:41:50 | INFO | Processed JSON message: {'timestamp': '2025-09-10T01:34:37.499022', 'temperature': 139.6}
2025-09-09 21:41:50 | INFO | Rolling window size: 10
2025-09-09 21:41:50 | INFO | Max stall temperature range: 0.2 F
2025-09-09 21:41:50 | INFO | Processed JSON message: {'timestamp': '2025-09-10T01:34:42.501120', 'temperature': 140.0}
2025-09-09 21:41:50 | INFO | Rolling window size: 10
2025-09-09 21:41:50 | INFO | Max stall temperature range: 0.2 F
2025-09-09 21:41:50 | INFO | Processed JSON message: {'timestamp': '2025-09-10T01:34:47.502742', 'temperature': 140.4}
2025-09-09 21:41:50 | INFO | Rolling window size: 10
2025-09-09 21:41:50 | INFO | Max stall temperature range: 0.2 F
2025-09-09 21:41:50 | INFO | Processed JSON message: {'timestamp': '2025-09-10T01:34:52.504959', 'temperature': 140.8}
2025-09-09 21:41:50 | INFO | Rolling window size: 10
2025-09-09 21:41:50 | INFO | Max stall temperature range: 0.2 F
2025-09-09 21:41:50 | INFO | Processed JSON message: {'timestamp': '2025-09-10T01:34:57.506590', 'temperature': 141.2}
2025-09-09 21:41:50 | INFO | Rolling window size: 10
2025-09-09 21:41:50 | INFO | Max stall temperature range: 0.2 F
2025-09-09 21:41:50 | INFO | Processed JSON message: {'timestamp': '2025-09-10T01:35:02.508856', 'temperature': 141.6}
2025-09-09 21:41:50 | INFO | Rolling window size: 10
2025-09-09 21:41:50 | INFO | Max stall temperature range: 0.2 F
2025-09-09 21:41:50 | INFO | Processed JSON message: {'timestamp': '2025-09-10T01:35:07.510830', 'temperature': 142.0}
2025-09-09 21:41:50 | INFO | Rolling window size: 10
2025-09-09 21:41:50 | INFO | Max stall temperature range: 0.2 F
2025-09-09 21:41:50 | INFO | Processed JSON message: {'timestamp': '2025-09-10T01:35:12.513140', 'temperature': 142.2}
2025-09-09 21:41:50 | INFO | Rolling window size: 10
2025-09-09 21:41:50 | INFO | Max stall temperature range: 0.2 F
2025-09-09 21:41:50 | INFO | Processed JSON message: {'timestamp': '2025-09-10T01:35:17.515658', 'temperature': 142.0}
2025-09-09 21:41:50 | INFO | Rolling window size: 10
2025-09-09 21:41:50 | INFO | Max stall temperature range: 0.2 F
2025-09-09 21:41:50 | INFO | Processed JSON message: {'timestamp': '2025-09-10T01:35:22.518436', 'temperature': 142.2}
2025-09-09 21:41:50 | INFO | Rolling window size: 10
2025-09-09 21:41:50 | INFO | Max stall temperature range: 0.2 F
2025-09-09 21:41:50 | INFO | Processed JSON message: {'timestamp': '2025-09-10T01:35:27.521239', 'temperature': 142.0}
2025-09-09 21:41:50 | INFO | Rolling window size: 10
2025-09-09 21:41:50 | INFO | Max stall temperature range: 0.2 F
2025-09-09 21:41:50 | INFO | Processed JSON message: {'timestamp': '2025-09-10T01:35:32.523630', 'temperature': 142.2}
2025-09-09 21:41:50 | INFO | Rolling window size: 10
2025-09-09 21:41:50 | INFO | Max stall temperature range: 0.2 F
2025-09-09 21:41:50 | INFO | Processed JSON message: {'timestamp': '2025-09-10T01:35:37.526502', 'temperature': 142.0}
2025-09-09 21:41:50 | INFO | Rolling window size: 10
2025-09-09 21:41:50 | INFO | Max stall temperature range: 0.2 F
2025-09-09 21:41:50 | INFO | Processed JSON message: {'timestamp': '2025-09-10T01:35:42.528773', 'temperature': 142.2}
2025-09-09 21:41:50 | INFO | Rolling window size: 10
2025-09-09 21:41:50 | INFO | Max stall temperature range: 0.2 F
2025-09-09 21:41:50 | INFO | Processed JSON message: {'timestamp': '2025-09-10T01:35:47.530884', 'temperature': 142.0}
2025-09-09 21:41:50 | INFO | Rolling window size: 10
2025-09-09 21:41:50 | INFO | Max stall temperature range: 0.2 F
2025-09-09 21:41:50 | INFO | Processed JSON message: {'timestamp': '2025-09-10T01:35:52.531623', 'temperature': 142.2}
2025-09-09 21:41:50 | INFO | Rolling window size: 10
2025-09-09 21:41:50 | INFO | Max stall temperature range: 0.2 F
2025-09-09 21:41:50 | INFO | STALL DETECTED at 2025-09-10T01:35:52.531623: Temp stable at 142.2°F over last 10 readings.
2025-09-09 21:41:50 | INFO | Processed JSON message: {'timestamp': '2025-09-10T01:35:57.534642', 'temperature': 142.0}
2025-09-09 21:41:50 | INFO | Rolling window size: 10
2025-09-09 21:41:50 | INFO | Max stall temperature range: 0.2 F
2025-09-09 21:41:50 | INFO | STALL DETECTED at 2025-09-10T01:35:57.534642: Temp stable at 142.0°F over last 10 readings.
2025-09-09 21:41:50 | INFO | Processed JSON message: {'timestamp': '2025-09-10T01:36:02.536171', 'temperature': 142.2}
2025-09-09 21:41:50 | INFO | Rolling window size: 10
2025-09-09 21:41:50 | INFO | Max stall temperature range: 0.2 F
2025-09-09 21:41:50 | INFO | STALL DETECTED at 2025-09-10T01:36:02.536171: Temp stable at 142.2°F over last 10 readings.
2025-09-09 21:41:50 | INFO | Processed JSON message: {'timestamp': '2025-09-10T01:36:07.538067', 'temperature': 142.0}
2025-09-09 21:41:50 | INFO | Rolling window size: 10
2025-09-09 21:41:50 | INFO | Max stall temperature range: 0.2 F
2025-09-09 21:41:50 | INFO | Rolling window size: 10
2025-09-09 21:41:50 | INFO | Rolling window size: 10
